2025-12-30 04:31:58 - List Request. User: 1, Parent: 1
2025-12-30 04:32:05 - List Request. User: 1, Parent: 1
2025-12-30 04:35:02 - List Request. User: 1, Parent: NULL
2025-12-30 04:35:10 - List Request. User: 1, Parent: temp-1767069309503
2025-12-30 04:35:16 - List Request. User: 1, Parent: NULL
2025-12-30 04:35:31 - List Request. User: 1, Parent: NULL
2025-12-30 04:35:32 - List Request. User: 1, Parent: 56E344B4-607F-4555-9AE0-CF7B4AD824F8
2025-12-30 04:35:47 - List Request. User: 1, Parent: temp-1767069338946
2025-12-30 04:37:33 - List Request. User: 1, Parent: temp-1767069338946
2025-12-30 04:37:59 - List Request. User: 1, Parent: NULL
2025-12-30 04:38:08 - List Request. User: 1, Parent: NULL
2025-12-30 04:38:12 - List Request. User: 1, Parent: FE7288ED-B093-4A37-A04B-7D6BB5DD95CE
2025-12-30 04:38:15 - List Request. User: 1, Parent: NULL
2025-12-30 04:38:16 - List Request. User: 1, Parent: 56E344B4-607F-4555-9AE0-CF7B4AD824F8
2025-12-30 04:38:18 - List Request. User: 1, Parent: NULL
2025-12-30 04:38:20 - List Request. User: 1, Parent: FE7288ED-B093-4A37-A04B-7D6BB5DD95CE
2025-12-30 04:38:22 - List Request. User: 1, Parent: NULL
2025-12-30 04:39:46 - List Request. User: 1, Parent: NULL
2025-12-30 04:40:08 - List Request. User: 1, Parent: NULL
2025-12-30 04:40:13 - List Request. User: 1, Parent: 7D7A332B-A0CF-4D9C-A6DD-30CE836F8878
2025-12-30 04:40:19 - List Request. User: 1, Parent: 7D7A332B-A0CF-4D9C-A6DD-30CE836F8878
2025-12-30 04:41:43 - List Request. User: 1, Parent: 7D7A332B-A0CF-4D9C-A6DD-30CE836F8878
2025-12-30 04:42:06 - List Request. User: 1, Parent: 7D7A332B-A0CF-4D9C-A6DD-30CE836F8878
2025-12-30 04:42:08 - List Request. User: 1, Parent: NULL
2025-12-30 04:42:09 - List Request. User: 1, Parent: 56E344B4-607F-4555-9AE0-CF7B4AD824F8
2025-12-30 04:42:09 - List Request. User: 1, Parent: 0C701DC7-F538-407D-9BA5-663A469C0AF9
2025-12-30 04:42:12 - List Request. User: 1, Parent: NULL
2025-12-30 04:42:13 - List Request. User: 1, Parent: 7D7A332B-A0CF-4D9C-A6DD-30CE836F8878
2025-12-30 04:42:21 - List Request. User: 1, Parent: NULL
2025-12-30 04:42:22 - List Request. User: 1, Parent: FE7288ED-B093-4A37-A04B-7D6BB5DD95CE
2025-12-30 04:42:31 - List Request. User: 1, Parent: NULL
2025-12-30 04:42:33 - List Request. User: 1, Parent: 56E344B4-607F-4555-9AE0-CF7B4AD824F8
2025-12-30 04:42:47 - List Request. User: 1, Parent: 56E344B4-607F-4555-9AE0-CF7B4AD824F8
2025-12-30 04:43:43 - List Request. User: 1, Parent: 56E344B4-607F-4555-9AE0-CF7B4AD824F8
2025-12-30 04:43:46 - List Request. User: 1, Parent: 56E344B4-607F-4555-9AE0-CF7B4AD824F8
2025-12-30 04:43:48 - List Request. User: 1, Parent: 56E344B4-607F-4555-9AE0-CF7B4AD824F8
2025-12-30 04:43:52 - List Request. User: 1, Parent: NULL
2025-12-30 04:43:53 - List Request. User: 1, Parent: 56E344B4-607F-4555-9AE0-CF7B4AD824F8
2025-12-30 04:43:54 - List Request. User: 1, Parent: 0C701DC7-F538-407D-9BA5-663A469C0AF9
2025-12-30 04:44:02 - List Request. User: 1, Parent: 56E344B4-607F-4555-9AE0-CF7B4AD824F8
2025-12-30 04:44:03 - List Request. User: 1, Parent: 0C701DC7-F538-407D-9BA5-663A469C0AF9
2025-12-30 04:44:07 - List Request. User: 1, Parent: 56E344B4-607F-4555-9AE0-CF7B4AD824F8
2025-12-30 04:44:08 - List Request. User: 1, Parent: NULL
2025-12-30 04:44:10 - List Request. User: 1, Parent: 56E344B4-607F-4555-9AE0-CF7B4AD824F8
2025-12-30 04:44:11 - List Request. User: 1, Parent: 0C701DC7-F538-407D-9BA5-663A469C0AF9
2025-12-30 04:45:32 - List Request. User: 1, Parent: 0C701DC7-F538-407D-9BA5-663A469C0AF9
2025-12-30 04:45:33 - List Request. User: 1, Parent: NULL
2025-12-30 04:45:34 - List Request. User: 1, Parent: 56E344B4-607F-4555-9AE0-CF7B4AD824F8
2025-12-30 04:47:01 - List Request. User: 1, Parent: 56E344B4-607F-4555-9AE0-CF7B4AD824F8
2025-12-30 04:47:14 - List Request. User: 1, Parent: 56E344B4-607F-4555-9AE0-CF7B4AD824F8
2025-12-30 04:47:15 - List Request. User: 1, Parent: NULL
2025-12-30 04:47:18 - List Request. User: 1, Parent: 56E344B4-607F-4555-9AE0-CF7B4AD824F8
2025-12-30 04:47:21 - List Request. User: 1, Parent: NULL
2025-12-30 04:47:24 - List Request. User: 1, Parent: 7D7A332B-A0CF-4D9C-A6DD-30CE836F8878
2025-12-30 04:47:26 - List Request. User: 1, Parent: NULL
2025-12-30 04:47:29 - List Request. User: 1, Parent: 7D7A332B-A0CF-4D9C-A6DD-30CE836F8878
2025-12-30 04:47:31 - List Request. User: 1, Parent: NULL
2025-12-30 04:47:33 - List Request. User: 1, Parent: 56E344B4-607F-4555-9AE0-CF7B4AD824F8
2025-12-30 04:47:39 - List Request. User: 1, Parent: NULL
2025-12-30 04:47:43 - List Request. User: 1, Parent: 56E344B4-607F-4555-9AE0-CF7B4AD824F8
2025-12-30 04:47:48 - List Request. User: 1, Parent: NULL
2025-12-30 04:47:50 - List Request. User: 1, Parent: 7D7A332B-A0CF-4D9C-A6DD-30CE836F8878
2025-12-30 04:47:51 - List Request. User: 1, Parent: NULL
2025-12-30 04:48:00 - List Request. User: 1, Parent: NULL
2025-12-30 04:48:07 - List Request. User: 1, Parent: NULL
2025-12-30 04:48:08 - List Request. User: 1, Parent: 56E344B4-607F-4555-9AE0-CF7B4AD824F8
2025-12-30 04:49:19 - List Request. User: 1, Parent: NULL
2025-12-30 04:49:21 - List Request. User: 1, Parent: NULL
2025-12-30 04:49:23 - List Request. User: 1, Parent: 56E344B4-607F-4555-9AE0-CF7B4AD824F8
2025-12-30 04:50:04 - List Request. User: 1, Parent: NULL
2025-12-30 04:50:22 - List Request. User: 1, Parent: NULL
2025-12-30 04:50:42 - List Request. User: 1, Parent: NULL
2025-12-30 04:50:44 - List Request. User: 1, Parent: 56E344B4-607F-4555-9AE0-CF7B4AD824F8
2025-12-30 04:50:49 - List Request. User: 1, Parent: 56E344B4-607F-4555-9AE0-CF7B4AD824F8
2025-12-30 04:51:31 - List Request. User: 1, Parent: 56E344B4-607F-4555-9AE0-CF7B4AD824F8
2025-12-30 04:52:16 - List Request. User: 1, Parent: 56E344B4-607F-4555-9AE0-CF7B4AD824F8
2025-12-30 04:53:14 - List Request. User: 1, Parent: 56E344B4-607F-4555-9AE0-CF7B4AD824F8
2025-12-30 04:53:16 - List Request. User: 1, Parent: 0C701DC7-F538-407D-9BA5-663A469C0AF9
2025-12-30 04:53:18 - List Request. User: 1, Parent: 56E344B4-607F-4555-9AE0-CF7B4AD824F8
2025-12-30 04:53:19 - List Request. User: 1, Parent: NULL
2025-12-30 04:53:24 - List Request. User: 1, Parent: 56E344B4-607F-4555-9AE0-CF7B4AD824F8
2025-12-30 04:53:25 - List Request. User: 1, Parent: 0C701DC7-F538-407D-9BA5-663A469C0AF9
2025-12-30 04:53:34 - List Request. User: 1, Parent: 0C701DC7-F538-407D-9BA5-663A469C0AF9
2025-12-30 04:53:44 - List Request. User: 1, Parent: EBE4BDB1-8F35-4035-8103-73F060745A5B
2025-12-30 04:53:48 - List Request. User: 1, Parent: 56E344B4-607F-4555-9AE0-CF7B4AD824F8
2025-12-30 04:53:56 - List Request. User: 1, Parent: 56E344B4-607F-4555-9AE0-CF7B4AD824F8
2025-12-30 04:53:58 - List Request. User: 1, Parent: 0C701DC7-F538-407D-9BA5-663A469C0AF9
2025-12-30 04:54:06 - List Request. User: 1, Parent: 0C701DC7-F538-407D-9BA5-663A469C0AF9
2025-12-30 04:54:15 - List Request. User: 1, Parent: NULL
2025-12-30 04:54:18 - List Request. User: 1, Parent: 7D7A332B-A0CF-4D9C-A6DD-30CE836F8878
2025-12-30 04:54:20 - List Request. User: 1, Parent: NULL
2025-12-30 04:54:25 - List Request. User: 1, Parent: NULL
2025-12-30 04:55:11 - List Request. User: 1, Parent: NULL
2025-12-30 04:55:45 - List Request. User: 1, Parent: NULL
2025-12-30 04:57:37 - List Request. User: 1, Parent: 56E344B4-607F-4555-9AE0-CF7B4AD824F8
2025-12-30 04:57:38 - List Request. User: 1, Parent: 0C701DC7-F538-407D-9BA5-663A469C0AF9
2025-12-30 04:57:38 - List Request. User: 1, Parent: EBE4BDB1-8F35-4035-8103-73F060745A5B
2025-12-30 04:57:41 - List Request. User: 1, Parent: 0C701DC7-F538-407D-9BA5-663A469C0AF9
2025-12-30 04:58:27 - List Request. User: 1, Parent: 56E344B4-607F-4555-9AE0-CF7B4AD824F8
2025-12-30 04:59:00 - List Request. User: 1, Parent: 56E344B4-607F-4555-9AE0-CF7B4AD824F8
2025-12-30 04:59:21 - List Request. User: 1, Parent: NULL
2025-12-30 04:59:24 - List Request. User: 1, Parent: 56E344B4-607F-4555-9AE0-CF7B4AD824F8
2025-12-30 04:59:54 - List Request. User: 1, Parent: 56E344B4-607F-4555-9AE0-CF7B4AD824F8
2025-12-30 04:59:56 - List Request. User: 1, Parent: NULL
2025-12-30 05:01:48 - List Request. User: 1, Parent: NULL
2025-12-30 05:01:50 - List Request. User: 1, Parent: NULL
2025-12-30 05:03:10 - List Request. User: 1, Parent: 56E344B4-607F-4555-9AE0-CF7B4AD824F8
2025-12-30 05:03:12 - List Request. User: 1, Parent: 0C701DC7-F538-407D-9BA5-663A469C0AF9
2025-12-30 05:03:22 - List Request. User: 1, Parent: EBE4BDB1-8F35-4035-8103-73F060745A5B
2025-12-30 05:03:24 - List Request. User: 1, Parent: NULL
2025-12-30 05:03:28 - List Request. User: 1, Parent: NULL
2025-12-30 05:04:12 - List Request. User: 1, Parent: 7D7A332B-A0CF-4D9C-A6DD-30CE836F8878
2025-12-30 05:04:50 - List Request. User: 1, Parent: 7D7A332B-A0CF-4D9C-A6DD-30CE836F8878
2025-12-30 05:04:54 - List Request. User: 1, Parent: NULL
2025-12-30 05:05:06 - List Request. User: 1, Parent: NULL
2025-12-30 05:06:30 - List Request. User: 1, Parent: NULL
2025-12-30 05:06:32 - List Request. User: 1, Parent: NULL
2025-12-30 05:06:34 - List Request. User: 1, Parent: NULL
2025-12-30 05:07:04 - List Request. User: 1, Parent: NULL
2025-12-30 05:08:35 - List Request. User: 1, Parent: NULL
2025-12-30 05:08:42 - List Request. User: 1, Parent: NULL
2025-12-30 05:08:48 - List Request. User: 1, Parent: NULL
2025-12-30 05:11:21 - List Request. User: 1, Parent: NULL
2025-12-30 05:11:32 - List Request. User: 1, Parent: NULL
2025-12-30 05:13:59 - List Request. User: 1, Parent: NULL
2025-12-30 05:14:00 - List Request. User: 1, Parent: NULL
2025-12-30 05:14:02 - List Request. User: 1, Parent: 56E344B4-607F-4555-9AE0-CF7B4AD824F8
2025-12-30 05:14:10 - List Request. User: 1, Parent: 56E344B4-607F-4555-9AE0-CF7B4AD824F8
2025-12-30 05:14:32 - List Request. User: 1, Parent: 56E344B4-607F-4555-9AE0-CF7B4AD824F8
2025-12-30 05:14:51 - List Request. User: 1, Parent: 56E344B4-607F-4555-9AE0-CF7B4AD824F8
2025-12-30 05:15:28 - List Request. User: 1, Parent: NULL
2025-12-30 05:15:30 - List Request. User: 1, Parent: 56E344B4-607F-4555-9AE0-CF7B4AD824F8
2025-12-30 05:15:31 - List Request. User: 1, Parent: 0C701DC7-F538-407D-9BA5-663A469C0AF9
2025-12-30 05:17:42 - List Request. User: 1, Parent: 0C701DC7-F538-407D-9BA5-663A469C0AF9
2025-12-30 05:17:51 - List Request. User: 1, Parent: NULL
2025-12-30 05:17:53 - List Request. User: 1, Parent: 56E344B4-607F-4555-9AE0-CF7B4AD824F8
2025-12-30 05:17:54 - List Request. User: 1, Parent: 0C701DC7-F538-407D-9BA5-663A469C0AF9
2025-12-30 05:22:40 - List Request. User: 1, Parent: NULL
2025-12-30 05:22:43 - List Request. User: 1, Parent: 56E344B4-607F-4555-9AE0-CF7B4AD824F8
2025-12-30 05:22:43 - List Request. User: 1, Parent: 0C701DC7-F538-407D-9BA5-663A469C0AF9
2025-12-30 05:22:45 - List Request. User: 1, Parent: NULL
2025-12-30 05:22:46 - List Request. User: 1, Parent: 56E344B4-607F-4555-9AE0-CF7B4AD824F8
2025-12-30 05:22:48 - List Request. User: 1, Parent: 0C701DC7-F538-407D-9BA5-663A469C0AF9
2025-12-30 05:24:07 - List Request. User: 1, Parent: EBE4BDB1-8F35-4035-8103-73F060745A5B
2025-12-30 05:24:08 - List Request. User: 1, Parent: NULL
2025-12-30 05:24:10 - List Request. User: 1, Parent: 56E344B4-607F-4555-9AE0-CF7B4AD824F8
2025-12-30 05:24:11 - List Request. User: 1, Parent: 0C701DC7-F538-407D-9BA5-663A469C0AF9
2025-12-30 05:24:16 - List Request. User: 1, Parent: NULL
2025-12-30 05:24:18 - List Request. User: 1, Parent: 56E344B4-607F-4555-9AE0-CF7B4AD824F8
2025-12-30 05:24:19 - List Request. User: 1, Parent: 0C701DC7-F538-407D-9BA5-663A469C0AF9
2025-12-30 05:25:31 - List Request. User: 1, Parent: NULL
2025-12-30 05:29:12 - List Request. User: 1, Parent: 56E344B4-607F-4555-9AE0-CF7B4AD824F8
2025-12-30 05:29:14 - List Request. User: 1, Parent: 0C701DC7-F538-407D-9BA5-663A469C0AF9
2025-12-30 05:30:09 - List Request. User: 1, Parent: 0C701DC7-F538-407D-9BA5-663A469C0AF9
2025-12-30 05:34:39 - List Request. User: 1, Parent: 0C701DC7-F538-407D-9BA5-663A469C0AF9
2025-12-30 05:34:50 - List Request. User: 1, Parent: 0C701DC7-F538-407D-9BA5-663A469C0AF9
2025-12-30 05:34:58 - List Request. User: 1, Parent: 0C701DC7-F538-407D-9BA5-663A469C0AF9
2025-12-30 05:36:08 - List Request. User: 1, Parent: 0C701DC7-F538-407D-9BA5-663A469C0AF9
2025-12-30 05:39:34 - List Request. User: 1, Parent: 0C701DC7-F538-407D-9BA5-663A469C0AF9
2025-12-30 05:39:41 - List Request. User: 1, Parent: 0C701DC7-F538-407D-9BA5-663A469C0AF9
2025-12-30 05:40:03 - List Request. User: 1, Parent: NULL
2025-12-30 05:40:05 - List Request. User: 1, Parent: 56E344B4-607F-4555-9AE0-CF7B4AD824F8
2025-12-30 05:40:06 - List Request. User: 1, Parent: 0C701DC7-F538-407D-9BA5-663A469C0AF9
2025-12-30 05:40:08 - List Request. User: 1, Parent: NULL
2025-12-30 05:40:45 - List Request. User: 1, Parent: NULL
2025-12-30 08:40:05 - List Request. User: 1, Parent: NULL
2025-12-30 08:40:10 - List Request. User: 1, Parent: 56E344B4-607F-4555-9AE0-CF7B4AD824F8
2025-12-30 08:40:11 - List Request. User: 1, Parent: 0C701DC7-F538-407D-9BA5-663A469C0AF9
2025-12-30 09:32:56 - List Request. User: 1, Parent: 0C701DC7-F538-407D-9BA5-663A469C0AF9
2025-12-30 09:37:04 - List Request. User: 1, Parent: 0C701DC7-F538-407D-9BA5-663A469C0AF9
2025-12-30 09:48:15 - List Request. User: 1, Parent: 0C701DC7-F538-407D-9BA5-663A469C0AF9
2025-12-30 10:11:48 - List Request. User: 1, Parent: 0C701DC7-F538-407D-9BA5-663A469C0AF9
2025-12-30 10:12:09 - List Request. User: 1, Parent: NULL
2025-12-30 10:12:11 - List Request. User: 1, Parent: 56E344B4-607F-4555-9AE0-CF7B4AD824F8
2025-12-30 10:12:13 - List Request. User: 1, Parent: 0C701DC7-F538-407D-9BA5-663A469C0AF9
2025-12-30 10:53:32 - List Request. User: 1, Parent: 0C701DC7-F538-407D-9BA5-663A469C0AF9
2025-12-30 11:31:42 - List Request. User: 1, Parent: 0C701DC7-F538-407D-9BA5-663A469C0AF9
2025-12-30 11:31:47 - List Request. User: 1, Parent: 0C701DC7-F538-407D-9BA5-663A469C0AF9
2025-12-30 11:32:03 - List Request. User: 1, Parent: NULL
2025-12-30 11:32:23 - List Request. User: 1, Parent: NULL
2025-12-30 11:32:33 - List Request. User: 1, Parent: NULL
2025-12-31 11:54:44 - List Request. User: 1, Parent: NULL
2025-12-31 11:54:46 - List Request. User: 1, Parent: 56E344B4-607F-4555-9AE0-CF7B4AD824F8
2025-12-31 11:54:47 - List Request. User: 1, Parent: 0C701DC7-F538-407D-9BA5-663A469C0AF9
2025-12-31 11:59:04 - List Request. User: 1, Parent: NULL
2025-12-31 11:59:09 - List Request. User: 1, Parent: 56E344B4-607F-4555-9AE0-CF7B4AD824F8
2025-12-31 11:59:11 - List Request. User: 1, Parent: 0C701DC7-F538-407D-9BA5-663A469C0AF9
2025-12-31 11:59:56 - List Request. User: 1, Parent: NULL
2025-12-31 12:04:44 - List Request. User: 1, Parent: NULL
2025-12-31 12:04:55 - List Request. User: 1, Parent: NULL
2025-12-31 12:05:02 - List Request. User: 1, Parent: NULL
2025-12-31 12:05:03 - List Request. User: 1, Parent: 56E344B4-607F-4555-9AE0-CF7B4AD824F8
2025-12-31 12:05:06 - List Request. User: 1, Parent: 0C701DC7-F538-407D-9BA5-663A469C0AF9
2025-12-31 12:05:16 - List Request. User: 1, Parent: NULL
2025-12-31 12:05:22 - List Request. User: 1, Parent: NULL
2025-12-31 12:05:29 - List Request. User: 1, Parent: NULL
2025-12-31 12:05:39 - List Request. User: 1, Parent: NULL
2025-12-31 12:05:43 - List Request. User: 1, Parent: NULL
2026-01-01 12:06:28 - List Request. User: 1, Parent: NULL
2026-01-01 12:07:03 - List Request. User: 1, Parent: 56E344B4-607F-4555-9AE0-CF7B4AD824F8
2026-01-01 12:07:04 - List Request. User: 1, Parent: 0C701DC7-F538-407D-9BA5-663A469C0AF9
2026-01-01 12:07:06 - List Request. User: 1, Parent: EBE4BDB1-8F35-4035-8103-73F060745A5B
2026-01-01 12:07:08 - List Request. User: 1, Parent: 0C701DC7-F538-407D-9BA5-663A469C0AF9
2026-01-01 12:07:09 - List Request. User: 1, Parent: 56E344B4-607F-4555-9AE0-CF7B4AD824F8
2026-01-01 12:07:12 - List Request. User: 1, Parent: 0C701DC7-F538-407D-9BA5-663A469C0AF9
2026-01-01 12:07:14 - List Request. User: 1, Parent: EBE4BDB1-8F35-4035-8103-73F060745A5B
2026-01-01 12:07:39 - List Request. User: 1, Parent: NULL
2026-01-01 12:07:43 - List Request. User: 1, Parent: 7D7A332B-A0CF-4D9C-A6DD-30CE836F8878
2026-01-01 12:07:48 - List Request. User: 1, Parent: NULL
2026-01-01 12:07:53 - List Request. User: 1, Parent: 56E344B4-607F-4555-9AE0-CF7B4AD824F8
2026-01-01 12:07:54 - List Request. User: 1, Parent: 0C701DC7-F538-407D-9BA5-663A469C0AF9
2026-01-01 12:10:21 - List Request. User: 1, Parent: 0C701DC7-F538-407D-9BA5-663A469C0AF9
2026-01-01 12:14:14 - List Request. User: 1, Parent: NULL
2026-01-01 12:14:26 - List Request. User: 1, Parent: NULL
2026-01-01 12:15:04 - List Request. User: 1, Parent: NULL
2026-01-01 12:15:26 - List Request. User: 1, Parent: NULL
2026-01-01 12:15:45 - List Request. User: 1, Parent: NULL
2026-01-01 12:16:14 - List Request. User: 1, Parent: NULL
2026-01-01 12:16:52 - List Request. User: 1, Parent: NULL
2026-01-01 12:25:56 - List Request. User: 1, Parent: NULL
2026-01-01 12:26:08 - List Request. User: 1, Parent: NULL
2026-01-01 12:26:18 - List Request. User: 1, Parent: NULL
2026-01-01 12:26:26 - List Request. User: 1, Parent: NULL
2026-01-01 12:26:38 - List Request. User: 1, Parent: NULL
2026-01-01 12:27:54 - List Request. User: 1, Parent: NULL
2026-01-01 12:27:57 - List Request. User: 1, Parent: NULL
2026-01-01 12:28:15 - List Request. User: 1, Parent: NULL
2026-01-01 12:28:22 - List Request. User: 1, Parent: NULL
2026-01-01 12:28:40 - List Request. User: 1, Parent: NULL
2026-01-01 12:31:17 - List Request. User: 1, Parent: NULL
2026-01-01 12:31:19 - List Request. User: 1, Parent: NULL
2026-01-01 12:55:21 - List Request. User: 1, Parent: NULL
2026-01-01 12:55:25 - List Request. User: 1, Parent: NULL
2026-01-01 12:55:35 - List Request. User: 1, Parent: NULL
2026-01-01 12:55:42 - List Request. User: 1, Parent: NULL
2026-01-01 12:56:03 - List Request. User: 1, Parent: NULL
2026-01-01 12:56:13 - List Request. User: 1, Parent: NULL
2026-01-01 13:25:25 - List Request. User: 1, Parent: NULL
2026-01-01 13:25:35 - List Request. User: 1, Parent: NULL
2026-01-01 13:25:48 - List Request. User: 1, Parent: NULL
2026-01-01 13:25:52 - List Request. User: 1, Parent: NULL
2026-01-01 13:25:54 - List Request. User: 1, Parent: 56E344B4-607F-4555-9AE0-CF7B4AD824F8
2026-01-01 13:25:55 - List Request. User: 1, Parent: 0C701DC7-F538-407D-9BA5-663A469C0AF9
2026-01-01 13:25:58 - List Request. User: 1, Parent: NULL
2026-01-01 13:32:11 - List Request. User: 1, Parent: NULL
2026-01-01 13:32:14 - List Request. User: 1, Parent: NULL
2026-01-01 13:32:29 - List Request. User: 1, Parent: NULL
2026-01-01 13:32:32 - List Request. User: 1, Parent: 56E344B4-607F-4555-9AE0-CF7B4AD824F8
2026-01-01 13:32:34 - List Request. User: 1, Parent: 0C701DC7-F538-407D-9BA5-663A469C0AF9
2026-01-01 13:35:40 - List Request. User: 1, Parent: NULL
2026-01-01 13:35:44 - List Request. User: 1, Parent: NULL
2026-01-01 13:35:47 - List Request. User: 1, Parent: 56E344B4-607F-4555-9AE0-CF7B4AD824F8
2026-01-01 13:35:51 - List Request. User: 1, Parent: 0C701DC7-F538-407D-9BA5-663A469C0AF9
2026-01-01 13:36:03 - List Request. User: 1, Parent: NULL
2026-01-01 13:58:27 - List Request. User: 1, Parent: NULL
2026-01-01 13:59:44 - List Request. User: 1, Parent: NULL
2026-01-01 13:59:51 - List Request. User: 1, Parent: NULL
2026-01-01 13:59:57 - List Request. User: 1, Parent: NULL
2026-01-01 14:26:30 - List Request. User: 1, Parent: NULL
2026-01-01 14:26:38 - List Request. User: 1, Parent: NULL
2026-01-02 03:56:55 - List Request. User: 1, Parent: NULL
2026-01-02 03:57:19 - List Request. User: 1, Parent: 56E344B4-607F-4555-9AE0-CF7B4AD824F8
2026-01-02 03:57:20 - List Request. User: 1, Parent: 0C701DC7-F538-407D-9BA5-663A469C0AF9
2026-01-02 03:57:34 - List Request. User: 1, Parent: NULL
2026-01-02 03:58:03 - List Request. User: 1, Parent: NULL
2026-01-02 03:58:11 - List Request. User: 1, Parent: NULL
2026-01-02 03:58:59 - List Request. User: 1, Parent: NULL
2026-01-02 03:59:18 - List Request. User: 1, Parent: NULL
2026-01-02 04:04:52 - List Request. User: 1, Parent: NULL
2026-01-02 04:05:06 - List Request. User: 1, Parent: NULL
2026-01-02 04:10:01 - List Request. User: 1, Parent: NULL
2026-01-02 04:11:22 - List Request. User: 1, Parent: NULL
2026-01-02 04:11:24 - List Request. User: 1, Parent: NULL
2026-01-02 04:13:58 - List Request. User: 1, Parent: NULL
2026-01-02 04:15:18 - List Request. User: 1, Parent: NULL
2026-01-02 04:17:14 - List Request. User: 1, Parent: NULL
2026-01-02 04:17:32 - List Request. User: 1, Parent: NULL
2026-01-02 04:22:09 - List Request. User: 1, Parent: NULL
2026-01-02 04:27:12 - List Request. User: 1, Parent: NULL
2026-01-02 04:27:54 - List Request. User: 1, Parent: NULL
2026-01-02 04:27:58 - List Request. User: 1, Parent: 07AE9F78-715D-48BB-85BB-89C59058FE08
2026-01-02 04:28:20 - List Request. User: 1, Parent: NULL
2026-01-02 04:28:32 - List Request. User: 1, Parent: NULL
2026-01-02 04:30:50 - List Request. User: 1, Parent: NULL
2026-01-02 04:30:50 - List Request. User: 1, Parent: NULL
2026-01-02 04:32:50 - List Request. User: 1, Parent: NULL
2026-01-02 04:33:01 - List Request. User: 1, Parent: NULL
2026-01-02 04:33:01 - List Request. User: 1, Parent: NULL
2026-01-02 04:33:09 - List Request. User: 1, Parent: NULL
2026-01-02 04:35:40 - List Request. User: 1, Parent: NULL
2026-01-02 04:40:51 - List Request. User: 1, Parent: NULL
2026-01-02 04:42:30 - List Request. User: 1, Parent: NULL
2026-01-02 04:42:31 - List Request. User: 1, Parent: NULL
2026-01-02 04:44:03 - List Request. User: 1, Parent: NULL
2026-01-02 04:44:26 - List Request. User: 1, Parent: NULL
2026-01-02 04:44:26 - List Request. User: 1, Parent: NULL
2026-01-02 04:45:12 - List Request. User: 1, Parent: NULL
2026-01-02 04:49:35 - List Request. User: 1, Parent: NULL
2026-01-02 04:51:15 - List Request. User: 1, Parent: NULL
2026-01-02 04:51:15 - List Request. User: 1, Parent: NULL
2026-01-02 04:51:33 - List Request. User: 1, Parent: NULL
2026-01-02 05:03:59 - List Request. User: 1, Parent: NULL
2026-01-02 05:04:10 - List Request. User: 1, Parent: NULL
2026-01-02 05:04:17 - List Request. User: 1, Parent: 07AE9F78-715D-48BB-85BB-89C59058FE08
2026-01-02 05:04:23 - List Request. User: 1, Parent: 07AE9F78-715D-48BB-85BB-89C59058FE08
2026-01-02 05:05:30 - List Request. User: 1, Parent: 07AE9F78-715D-48BB-85BB-89C59058FE08
2026-01-02 05:05:30 - List Request. User: 1, Parent: 07AE9F78-715D-48BB-85BB-89C59058FE08
2026-01-02 05:05:37 - List Request. User: 1, Parent: FFC23D31-A3A6-4353-BEE5-63F2DD6B781F
2026-01-02 05:05:42 - List Request. User: 1, Parent: NULL
2026-01-02 05:05:43 - List Request. User: 1, Parent: 07AE9F78-715D-48BB-85BB-89C59058FE08
2026-01-02 05:05:45 - List Request. User: 1, Parent: FFC23D31-A3A6-4353-BEE5-63F2DD6B781F
2026-01-02 05:06:09 - List Request. User: 1, Parent: FFC23D31-A3A6-4353-BEE5-63F2DD6B781F
2026-01-02 05:06:15 - List Request. User: 1, Parent: NULL
2026-01-02 05:06:24 - List Request. User: 1, Parent: NULL
2026-01-02 05:06:24 - List Request. User: 1, Parent: NULL
2026-01-02 05:06:26 - List Request. User: 1, Parent: 3951E044-506A-4B2B-9AC7-01AC7AB90651
2026-01-02 05:06:35 - List Request. User: 1, Parent: 3951E044-506A-4B2B-9AC7-01AC7AB90651
2026-01-02 05:06:35 - List Request. User: 1, Parent: 3951E044-506A-4B2B-9AC7-01AC7AB90651
2026-01-02 05:12:37 - List Request. User: 1, Parent: 3951E044-506A-4B2B-9AC7-01AC7AB90651
2026-01-02 05:12:51 - List Request. User: 1, Parent: 3951E044-506A-4B2B-9AC7-01AC7AB90651
2026-01-02 05:15:26 - List Request. User: 1, Parent: 3951E044-506A-4B2B-9AC7-01AC7AB90651
2026-01-02 05:16:12 - List Request. User: 1, Parent: 3951E044-506A-4B2B-9AC7-01AC7AB90651
2026-01-02 05:18:36 - List Request. User: 1, Parent: NULL
2026-01-02 05:19:57 - List Request. User: 1, Parent: 3951E044-506A-4B2B-9AC7-01AC7AB90651
2026-01-02 05:20:01 - List Request. User: 1, Parent: C7C41245-3AA5-483F-819B-1DED28B0C5BE
2026-01-02 05:23:18 - List Request. User: 1, Parent: NULL
2026-01-02 05:23:22 - List Request. User: 1, Parent: 3951E044-506A-4B2B-9AC7-01AC7AB90651
2026-01-02 05:23:26 - List Request. User: 1, Parent: C7C41245-3AA5-483F-819B-1DED28B0C5BE
2026-01-02 05:23:37 - List Request. User: 1, Parent: NULL
2026-01-02 05:23:45 - List Request. User: 1, Parent: NULL
2026-01-02 05:24:49 - List Request. User: 1, Parent: NULL
2026-01-02 05:25:28 - List Request. User: 1, Parent: 3951E044-506A-4B2B-9AC7-01AC7AB90651
2026-01-02 07:33:09 - List Request. User: 1, Parent: 3951E044-506A-4B2B-9AC7-01AC7AB90651
2026-01-02 07:39:07 - List Request. User: 1, Parent: 3951E044-506A-4B2B-9AC7-01AC7AB90651
2026-01-02 07:39:19 - List Request. User: 1, Parent: 3951E044-506A-4B2B-9AC7-01AC7AB90651
2026-01-02 07:39:55 - List Request. User: 1, Parent: 3951E044-506A-4B2B-9AC7-01AC7AB90651
2026-01-02 07:40:04 - List Request. User: 1, Parent: 3951E044-506A-4B2B-9AC7-01AC7AB90651
2026-01-02 07:41:08 - List Request. User: 1, Parent: 3951E044-506A-4B2B-9AC7-01AC7AB90651
2026-01-02 07:41:16 - List Request. User: 1, Parent: NULL
2026-01-02 07:44:01 - List Request. User: 1, Parent: NULL
2026-01-02 07:45:33 - List Request. User: 1, Parent: NULL
2026-01-02 07:45:46 - List Request. User: 1, Parent: NULL
2026-01-02 07:46:02 - List Request. User: 1, Parent: NULL
2026-01-02 07:46:47 - List Request. User: 1, Parent: NULL
2026-01-02 07:46:52 - List Request. User: 1, Parent: NULL
2026-01-02 07:47:38 - List Request. User: 1, Parent: NULL
2026-01-02 07:48:56 - List Request. User: 2, Parent: NULL
2026-01-02 07:49:11 - List Request. User: 1, Parent: NULL
2026-01-02 07:49:28 - List Request. User: 1, Parent: NULL
2026-01-02 07:49:37 - List Request. User: 1, Parent: NULL
2026-01-02 07:49:47 - List Request. User: 2, Parent: NULL
2026-01-02 07:49:51 - List Request. User: 2, Parent: 3951E044-506A-4B2B-9AC7-01AC7AB90651
2026-01-02 07:50:02 - List Request. User: 2, Parent: 3951E044-506A-4B2B-9AC7-01AC7AB90651
2026-01-02 07:50:10 - List Request. User: 1, Parent: NULL
2026-01-02 07:50:13 - List Request. User: 1, Parent: 3951E044-506A-4B2B-9AC7-01AC7AB90651
2026-01-02 07:50:19 - List Request. User: 1, Parent: C7C41245-3AA5-483F-819B-1DED28B0C5BE
2026-01-02 07:50:35 - List Request. User: 1, Parent: NULL
2026-01-02 07:50:41 - List Request. User: 1, Parent: NULL
2026-01-02 07:50:49 - List Request. User: 2, Parent: NULL
2026-01-02 07:51:18 - List Request. User: 1, Parent: NULL
2026-01-02 08:00:09 - List Request. User: 1, Parent: NULL
2026-01-02 08:00:11 - List Request. User: 1, Parent: NULL
2026-01-02 08:00:32 - List Request. User: 1, Parent: NULL
2026-01-02 08:00:55 - List Request. User: 1, Parent: NULL
2026-01-02 08:01:28 - List Request. User: 1, Parent: NULL
2026-01-02 08:01:42 - List Request. User: 1, Parent: NULL
2026-01-02 08:02:03 - List Request. User: 1, Parent: NULL
2026-01-02 08:03:21 - List Request. User: 2, Parent: NULL
2026-01-02 08:04:45 - List Request. User: 1, Parent: NULL
2026-01-02 08:05:01 - List Request. User: 1, Parent: NULL
2026-01-02 08:05:08 - List Request. User: 1, Parent: NULL
2026-01-02 08:05:37 - List Request. User: 2, Parent: NULL
2026-01-02 08:05:58 - List Request. User: 1, Parent: NULL
2026-01-02 08:06:02 - List Request. User: 1, Parent: NULL
2026-01-02 08:06:36 - List Request. User: 1, Parent: NULL
2026-01-02 08:06:55 - List Request. User: 2, Parent: NULL
2026-01-02 08:07:00 - List Request. User: 2, Parent: NULL
2026-01-02 08:07:10 - List Request. User: 1, Parent: NULL
2026-01-02 08:15:06 - List Request. User: 1, Parent: NULL
2026-01-02 08:19:13 - List Request. User: 1, Parent: NULL
2026-01-02 08:20:42 - List Request. User: 1, Parent: NULL
2026-01-02 08:22:13 - List Request. User: 1, Parent: NULL
2026-01-02 08:22:28 - List Request. User: 1, Parent: NULL
2026-01-02 08:24:26 - List Request. User: 1, Parent: NULL
2026-01-02 08:24:32 - List Request. User: 1, Parent: NULL
2026-01-02 08:24:41 - List Request. User: 1, Parent: NULL
2026-01-02 08:24:49 - List Request. User: 1, Parent: NULL
2026-01-02 08:25:08 - List Request. User: 2, Parent: NULL
2026-01-02 08:25:12 - List Request. User: 2, Parent: NULL
2026-01-02 08:25:17 - List Request. User: 2, Parent: NULL
2026-01-02 08:25:31 - List Request. User: 1, Parent: NULL
2026-01-02 08:26:38 - List Request. User: 1, Parent: NULL
2026-01-02 08:32:06 - List Request. User: 1, Parent: NULL
2026-01-02 08:32:11 - List Request. User: 1, Parent: NULL
2026-01-02 08:32:28 - List Request. User: 4, Parent: NULL
2026-01-02 08:32:46 - List Request. User: 1, Parent: NULL
2026-01-02 08:33:04 - List Request. User: 1, Parent: 3951E044-506A-4B2B-9AC7-01AC7AB90651
2026-01-02 08:33:07 - List Request. User: 1, Parent: NULL
2026-01-02 08:33:20 - List Request. User: 1, Parent: NULL
2026-01-02 08:33:45 - List Request. User: 4, Parent: NULL
2026-01-02 08:33:48 - List Request. User: 4, Parent: NULL
2026-01-02 08:35:16 - List Request. User: 4, Parent: NULL
2026-01-02 08:35:43 - List Request. User: 4, Parent: NULL
2026-01-02 08:52:47 - List Request. User: 4, Parent: NULL
2026-01-02 08:52:56 - List Request. User: 4, Parent: NULL
2026-01-02 09:09:03 - List Request. User: 1, Parent: NULL
2026-01-02 09:09:15 - List Request. User: 1, Parent: 56E344B4-607F-4555-9AE0-CF7B4AD824F8
2026-01-02 09:09:26 - List Request. User: 1, Parent: 56E344B4-607F-4555-9AE0-CF7B4AD824F8
2026-01-02 09:09:30 - List Request. User: 1, Parent: NULL
2026-01-02 09:09:38 - List Request. User: 1, Parent: NULL
2026-01-02 09:09:47 - List Request. User: 2, Parent: NULL
2026-01-02 09:09:51 - List Request. User: 2, Parent: 56E344B4-607F-4555-9AE0-CF7B4AD824F8
2026-01-02 09:11:23 - List Request. User: 2, Parent: NULL
2026-01-02 09:11:24 - List Request. User: 2, Parent: 56E344B4-607F-4555-9AE0-CF7B4AD824F8
2026-01-02 09:13:35 - List Request. User: 2, Parent: 56E344B4-607F-4555-9AE0-CF7B4AD824F8
2026-01-02 09:13:37 - List Request. User: 2, Parent: 56E344B4-607F-4555-9AE0-CF7B4AD824F8
2026-01-02 09:14:21 - List Request. User: 2, Parent: 56E344B4-607F-4555-9AE0-CF7B4AD824F8
2026-01-02 09:14:29 - List Request. User: 2, Parent: NULL
2026-01-02 09:14:31 - List Request. User: 2, Parent: 3951E044-506A-4B2B-9AC7-01AC7AB90651
2026-01-02 09:14:46 - List Request. User: 1, Parent: NULL
2026-01-02 09:14:52 - List Request. User: 1, Parent: 56E344B4-607F-4555-9AE0-CF7B4AD824F8
2026-01-02 09:14:54 - List Request. User: 1, Parent: NULL
2026-01-02 09:15:13 - List Request. User: 4, Parent: NULL
2026-01-02 09:17:06 - List Request. User: 4, Parent: 56E344B4-607F-4555-9AE0-CF7B4AD824F8
2026-01-02 09:17:07 - List Request. User: 4, Parent: 0C701DC7-F538-407D-9BA5-663A469C0AF9
2026-01-02 09:17:09 - List Request. User: 4, Parent: NULL
2026-01-02 09:17:17 - List Request. User: 4, Parent: NULL
2026-01-02 09:17:29 - List Request. User: 1, Parent: NULL
2026-01-02 09:17:38 - List Request. User: 1, Parent: 56E344B4-607F-4555-9AE0-CF7B4AD824F8
2026-01-02 09:17:48 - List Request. User: 1, Parent: NULL
2026-01-02 09:18:05 - List Request. User: 1, Parent: NULL
2026-01-02 09:18:09 - List Request. User: 1, Parent: 56E344B4-607F-4555-9AE0-CF7B4AD824F8
2026-01-02 09:18:16 - List Request. User: 4, Parent: NULL
2026-01-02 09:18:21 - List Request. User: 4, Parent: 56E344B4-607F-4555-9AE0-CF7B4AD824F8
2026-01-02 09:18:29 - List Request. User: 4, Parent: 56E344B4-607F-4555-9AE0-CF7B4AD824F8
2026-01-02 09:18:40 - List Request. User: 1, Parent: NULL
2026-01-02 09:18:47 - List Request. User: 1, Parent: 56E344B4-607F-4555-9AE0-CF7B4AD824F8
2026-01-02 09:19:01 - List Request. User: 2, Parent: NULL
2026-01-02 09:19:04 - List Request. User: 2, Parent: 56E344B4-607F-4555-9AE0-CF7B4AD824F8
2026-01-02 09:19:13 - List Request. User: 2, Parent: 56E344B4-607F-4555-9AE0-CF7B4AD824F8
2026-01-02 09:19:21 - List Request. User: 1, Parent: NULL
2026-01-02 09:19:27 - List Request. User: 1, Parent: 56E344B4-607F-4555-9AE0-CF7B4AD824F8
2026-01-02 09:19:42 - List Request. User: 1, Parent: NULL
2026-01-02 09:19:54 - List Request. User: 1, Parent: 3951E044-506A-4B2B-9AC7-01AC7AB90651
2026-01-02 09:21:30 - List Request. User: 1, Parent: 3951E044-506A-4B2B-9AC7-01AC7AB90651
2026-01-02 09:21:33 - List Request. User: 1, Parent: 3951E044-506A-4B2B-9AC7-01AC7AB90651
2026-01-02 09:23:08 - List Request. User: 1, Parent: NULL
2026-01-02 09:23:10 - List Request. User: 1, Parent: 3951E044-506A-4B2B-9AC7-01AC7AB90651
2026-01-02 09:23:12 - List Request. User: 1, Parent: C7C41245-3AA5-483F-819B-1DED28B0C5BE
2026-01-02 09:23:16 - List Request. User: 1, Parent: NULL
2026-01-02 09:24:51 - List Request. User: 1, Parent: NULL
2026-01-02 09:25:27 - List Request. User: 1, Parent: NULL
2026-01-02 09:25:57 - List Request. User: 1, Parent: NULL
2026-01-02 09:33:08 - List Request. User: 1, Parent: NULL
2026-01-02 09:35:39 - List Request. User: 1, Parent: NULL
2026-01-02 09:49:44 - List Request. User: 1, Parent: NULL
2026-01-02 09:53:02 - List Request. User: 1, Parent: NULL
2026-01-02 09:53:10 - List Request. User: 1, Parent: 56E344B4-607F-4555-9AE0-CF7B4AD824F8
2026-01-02 09:55:05 - List Request. User: 1, Parent: 56E344B4-607F-4555-9AE0-CF7B4AD824F8
2026-01-02 09:55:15 - List Request. User: 1, Parent: NULL
2026-01-02 10:00:34 - List Request. User: 1, Parent: NULL
2026-01-02 10:00:36 - List Request. User: 1, Parent: NULL
2026-01-02 10:00:39 - List Request. User: 1, Parent: NULL
2026-01-02 10:01:28 - List Request. User: 1, Parent: NULL
2026-01-02 10:01:31 - List Request. User: 1, Parent: NULL
2026-01-02 10:02:35 - List Request. User: 1, Parent: NULL
2026-01-02 10:03:02 - List Request. User: 1, Parent: NULL
2026-01-02 10:03:03 - List Request. User: 1, Parent: NULL
2026-01-02 10:03:04 - List Request. User: 1, Parent: NULL
2026-01-02 10:03:04 - List Request. User: 1, Parent: NULL
2026-01-02 10:03:04 - List Request. User: 1, Parent: NULL
2026-01-02 10:04:16 - List Request. User: 1, Parent: NULL
2026-01-02 10:04:47 - List Request. User: 1, Parent: NULL
2026-01-02 10:04:56 - List Request. User: 1, Parent: NULL
2026-01-02 10:07:30 - List Request. User: 1, Parent: NULL
2026-01-02 10:08:03 - List Request. User: 1, Parent: NULL
2026-01-02 10:08:07 - List Request. User: 1, Parent: NULL
2026-01-02 10:09:58 - List Request. User: 1, Parent: NULL
2026-01-02 10:10:19 - List Request. User: 1, Parent: NULL
2026-01-02 10:12:46 - List Request. User: 1, Parent: NULL
2026-01-02 10:12:47 - List Request. User: 1, Parent: NULL
2026-01-02 10:12:47 - List Request. User: 1, Parent: NULL
2026-01-02 10:12:47 - List Request. User: 1, Parent: NULL
2026-01-02 10:12:47 - List Request. User: 1, Parent: NULL
2026-01-02 10:12:48 - List Request. User: 1, Parent: NULL
2026-01-02 10:12:48 - List Request. User: 1, Parent: NULL
2026-01-02 10:13:12 - List Request. User: 1, Parent: NULL
2026-01-02 10:13:16 - List Request. User: 1, Parent: NULL
2026-01-02 10:14:54 - List Request. User: 1, Parent: NULL
2026-01-02 10:15:45 - List Request. User: 1, Parent: NULL
2026-01-02 10:16:58 - List Request. User: 1, Parent: NULL
2026-01-02 10:17:20 - List Request. User: 1, Parent: NULL
2026-01-02 10:27:38 - List Request. User: 1, Parent: NULL
2026-01-02 10:27:49 - List Request. User: 1, Parent: NULL
2026-01-02 10:27:52 - List Request. User: 1, Parent: NULL
2026-01-02 10:28:34 - List Request. User: 1, Parent: NULL
2026-01-02 10:30:26 - List Request. User: 1, Parent: NULL
2026-01-02 10:30:31 - List Request. User: 1, Parent: NULL
2026-01-02 10:30:38 - List Request. User: 1, Parent: NULL
2026-01-02 10:30:39 - List Request. User: 1, Parent: NULL
2026-01-02 10:30:40 - List Request. User: 1, Parent: NULL
2026-01-02 10:30:41 - List Request. User: 1, Parent: NULL
2026-01-02 10:30:43 - List Request. User: 1, Parent: NULL
2026-01-02 10:30:44 - List Request. User: 1, Parent: NULL
2026-01-02 10:30:45 - List Request. User: 1, Parent: NULL
2026-01-02 10:32:20 - List Request. User: 1, Parent: NULL
2026-01-02 10:32:32 - List Request. User: 1, Parent: NULL
2026-01-02 10:32:36 - List Request. User: 1, Parent: NULL
2026-01-02 10:32:38 - List Request. User: 1, Parent: NULL
2026-01-02 10:32:42 - List Request. User: 1, Parent: NULL
2026-01-02 10:32:51 - List Request. User: 1, Parent: NULL
2026-01-02 10:32:54 - List Request. User: 1, Parent: NULL
2026-01-02 10:34:04 - List Request. User: 1, Parent: NULL
2026-01-02 10:34:21 - List Request. User: 1, Parent: NULL
2026-01-02 10:34:25 - List Request. User: 1, Parent: NULL
2026-01-02 10:35:35 - List Request. User: 1, Parent: NULL
2026-01-02 11:24:00 - List Request. User: 1, Parent: NULL
2026-01-02 11:24:31 - List Request. User: 1, Parent: NULL
2026-01-02 11:24:54 - List Request. User: 1, Parent: NULL
2026-01-02 11:24:58 - List Request. User: 1, Parent: NULL
2026-01-02 11:25:03 - List Request. User: 1, Parent: NULL
2026-01-02 11:25:08 - List Request. User: 1, Parent: NULL
2026-01-02 11:25:21 - List Request. User: 1, Parent: NULL
2026-01-02 11:25:39 - List Request. User: 1, Parent: NULL
2026-01-02 11:25:51 - List Request. User: 1, Parent: NULL
2026-01-02 11:25:53 - List Request. User: 1, Parent: NULL
2026-01-02 11:25:55 - List Request. User: 1, Parent: NULL
2026-01-02 11:25:57 - List Request. User: 1, Parent: NULL
2026-01-02 11:25:58 - List Request. User: 1, Parent: NULL
2026-01-02 11:26:00 - List Request. User: 1, Parent: NULL
2026-01-02 11:26:04 - List Request. User: 1, Parent: NULL
2026-01-02 11:43:09 - List Request. User: 1, Parent: NULL
2026-01-02 11:46:44 - List Request. User: 1, Parent: NULL
2026-01-02 11:46:55 - List Request. User: 1, Parent: NULL
2026-01-02 11:46:57 - List Request. User: 1, Parent: NULL
2026-01-02 11:46:59 - List Request. User: 1, Parent: NULL
2026-01-02 11:47:22 - List Request. User: 1, Parent: NULL
2026-01-02 11:47:40 - List Request. User: 1, Parent: NULL
2026-01-02 11:47:46 - List Request. User: 1, Parent: NULL
2026-01-02 11:47:48 - List Request. User: 1, Parent: NULL
2026-01-02 11:47:52 - List Request. User: 1, Parent: NULL
2026-01-02 11:50:41 - List Request. User: 1, Parent: 56E344B4-607F-4555-9AE0-CF7B4AD824F8
2026-01-02 11:51:02 - List Request. User: 1, Parent: NULL
2026-01-02 11:51:05 - List Request. User: 1, Parent: 3951E044-506A-4B2B-9AC7-01AC7AB90651
2026-01-02 11:51:06 - List Request. User: 1, Parent: C7C41245-3AA5-483F-819B-1DED28B0C5BE
2026-01-02 11:51:06 - List Request. User: 1, Parent: C7C41245-3AA5-483F-819B-1DED28B0C5BE
2026-01-02 11:51:11 - List Request. User: 1, Parent: NULL
2026-01-02 11:51:17 - List Request. User: 1, Parent: 3951E044-506A-4B2B-9AC7-01AC7AB90651
2026-01-02 12:13:38 - List Request. User: 1, Parent: 3951E044-506A-4B2B-9AC7-01AC7AB90651
2026-01-02 12:13:58 - List Request. User: 1, Parent: NULL
2026-01-02 12:14:12 - List Request. User: 1, Parent: 3951E044-506A-4B2B-9AC7-01AC7AB90651
2026-01-02 12:14:13 - List Request. User: 1, Parent: NULL
2026-01-02 12:17:49 - List Request. User: 1, Parent: NULL
2026-01-02 12:25:47 - List Request. User: 1, Parent: NULL
2026-01-02 12:25:59 - List Request. User: 1, Parent: NULL
2026-01-02 12:26:04 - List Request. User: 1, Parent: NULL
2026-01-02 12:29:57 - List Request. User: 1, Parent: NULL
2026-01-02 12:30:05 - List Request. User: 1, Parent: NULL
2026-01-02 12:30:15 - List Request. User: 1, Parent: NULL
2026-01-02 12:30:20 - List Request. User: 1, Parent: NULL
2026-01-02 12:41:58 - List Request. User: 1, Parent: NULL
2026-01-02 12:42:12 - List Request. User: 1, Parent: NULL
2026-01-02 12:46:04 - List Request. User: 1, Parent: NULL
2026-01-02 12:49:32 - List Request. User: 1, Parent: NULL
2026-01-02 12:54:02 - List Request. User: 1, Parent: NULL
2026-01-02 12:54:08 - List Request. User: 1, Parent: NULL
2026-01-02 12:54:12 - List Request. User: 1, Parent: NULL
2026-01-02 12:54:15 - List Request. User: 1, Parent: NULL
2026-01-02 12:54:16 - List Request. User: 1, Parent: NULL
2026-01-02 13:05:36 - List Request. User: 1, Parent: NULL
2026-01-02 13:05:43 - List Request. User: 1, Parent: NULL
2026-01-02 13:05:47 - List Request. User: 1, Parent: NULL
2026-01-02 13:05:53 - List Request. User: 1, Parent: NULL
2026-01-02 13:06:03 - List Request. User: 1, Parent: NULL
2026-01-02 13:06:06 - List Request. User: 1, Parent: NULL
2026-01-02 13:10:04 - List Request. User: 1, Parent: NULL
2026-01-02 13:10:05 - List Request. User: 1, Parent: NULL
2026-01-02 13:10:07 - List Request. User: 1, Parent: NULL
2026-01-02 13:10:13 - List Request. User: 1, Parent: NULL
2026-01-02 13:10:16 - List Request. User: 1, Parent: NULL
2026-01-02 13:13:33 - List Request. User: 1, Parent: NULL
2026-01-02 13:19:00 - List Request. User: 1, Parent: NULL
2026-01-02 13:20:44 - List Request. User: 1, Parent: NULL
2026-01-02 13:20:52 - List Request. User: 1, Parent: NULL
2026-01-02 13:20:56 - List Request. User: 1, Parent: NULL
2026-01-02 13:21:01 - List Request. User: 1, Parent: NULL
2026-01-02 13:21:06 - List Request. User: 1, Parent: NULL
2026-01-02 13:28:00 - List Request. User: 1, Parent: NULL
2026-01-02 13:28:09 - List Request. User: 1, Parent: NULL
2026-01-02 13:28:10 - List Request. User: 1, Parent: NULL
2026-01-02 13:28:15 - List Request. User: 1, Parent: NULL
2026-01-02 13:28:16 - List Request. User: 1, Parent: NULL
2026-01-02 13:29:54 - List Request. User: 1, Parent: NULL
2026-01-02 13:29:58 - List Request. User: 1, Parent: NULL
2026-01-02 13:57:08 - List Request. User: 1, Parent: NULL
2026-01-02 14:00:09 - List Request. User: 1, Parent: NULL
2026-01-02 14:02:23 - List Request. User: 4, Parent: NULL
2026-01-02 14:02:30 - List Request. User: 4, Parent: NULL
2026-01-02 14:02:32 - List Request. User: 4, Parent: NULL
2026-01-02 14:02:45 - List Request. User: 4, Parent: NULL
2026-01-02 14:02:46 - List Request. User: 4, Parent: 56E344B4-607F-4555-9AE0-CF7B4AD824F8
2026-01-02 14:05:43 - List Request. User: 4, Parent: 56E344B4-607F-4555-9AE0-CF7B4AD824F8
2026-01-02 14:06:18 - List Request. User: 4, Parent: 56E344B4-607F-4555-9AE0-CF7B4AD824F8
2026-01-02 14:06:21 - List Request. User: 4, Parent: 56E344B4-607F-4555-9AE0-CF7B4AD824F8
2026-01-02 14:06:32 - List Request. User: 4, Parent: 56E344B4-607F-4555-9AE0-CF7B4AD824F8
2026-01-02 14:06:34 - List Request. User: 4, Parent: NULL
2026-01-02 14:06:34 - List Request. User: 4, Parent: NULL
2026-01-02 14:06:38 - List Request. User: 4, Parent: NULL
2026-01-02 14:06:40 - List Request. User: 4, Parent: NULL
2026-01-02 14:06:41 - List Request. User: 4, Parent: NULL
2026-01-02 14:06:43 - List Request. User: 4, Parent: NULL
2026-01-02 14:06:47 - List Request. User: 4, Parent: NULL
2026-01-02 14:07:28 - List Request. User: 4, Parent: NULL
2026-01-02 14:07:37 - List Request. User: 4, Parent: NULL
2026-01-02 14:07:40 - List Request. User: 4, Parent: NULL
2026-01-02 14:07:41 - List Request. User: 4, Parent: NULL
2026-01-02 14:07:42 - List Request. User: 4, Parent: NULL
2026-01-02 14:07:43 - List Request. User: 4, Parent: NULL
2026-01-02 14:07:46 - List Request. User: 4, Parent: NULL
2026-01-02 14:07:47 - List Request. User: 4, Parent: NULL
2026-01-02 14:07:47 - List Request. User: 4, Parent: NULL
2026-01-02 14:07:49 - List Request. User: 4, Parent: NULL
2026-01-02 14:07:51 - List Request. User: 4, Parent: NULL
2026-01-02 14:07:54 - List Request. User: 4, Parent: NULL
2026-01-02 14:07:55 - List Request. User: 4, Parent: NULL
2026-01-02 14:08:02 - List Request. User: 4, Parent: NULL
2026-01-02 14:08:29 - List Request. User: 4, Parent: NULL
2026-01-02 14:08:30 - List Request. User: 4, Parent: NULL
2026-01-02 14:08:32 - List Request. User: 4, Parent: NULL
2026-01-02 14:08:36 - List Request. User: 4, Parent: NULL
2026-01-02 14:09:04 - List Request. User: 4, Parent: NULL
2026-01-02 14:09:13 - List Request. User: 4, Parent: NULL
2026-01-02 14:09:30 - List Request. User: 4, Parent: NULL
2026-01-02 14:09:43 - List Request. User: 1, Parent: NULL
2026-01-02 14:09:47 - List Request. User: 1, Parent: NULL
2026-01-02 14:09:48 - List Request. User: 1, Parent: NULL
2026-01-02 14:09:54 - List Request. User: 1, Parent: NULL
2026-01-02 14:10:15 - List Request. User: 1, Parent: 3951E044-506A-4B2B-9AC7-01AC7AB90651
2026-01-02 14:10:43 - List Request. User: 1, Parent: C7C41245-3AA5-483F-819B-1DED28B0C5BE
2026-01-02 14:10:43 - List Request. User: 1, Parent: C7C41245-3AA5-483F-819B-1DED28B0C5BE
2026-01-02 14:10:54 - List Request. User: 1, Parent: C7C41245-3AA5-483F-819B-1DED28B0C5BE
2026-01-02 14:11:04 - List Request. User: 1, Parent: C7C41245-3AA5-483F-819B-1DED28B0C5BE
2026-01-02 14:11:18 - List Request. User: 1, Parent: NULL
2026-01-02 14:16:36 - List Request. User: 1, Parent: NULL
2026-01-02 14:16:52 - List Request. User: 1, Parent: NULL
2026-01-02 14:16:54 - List Request. User: 1, Parent: NULL
2026-01-02 14:17:00 - List Request. User: 1, Parent: NULL
2026-01-02 14:17:01 - List Request. User: 1, Parent: NULL
2026-01-02 14:17:03 - List Request. User: 1, Parent: NULL
2026-01-02 14:17:03 - List Request. User: 1, Parent: NULL
2026-01-02 14:17:06 - List Request. User: 1, Parent: NULL
2026-01-02 14:17:06 - List Request. User: 1, Parent: NULL
2026-01-02 14:18:26 - List Request. User: 1, Parent: NULL
2026-01-02 14:18:37 - List Request. User: 1, Parent: NULL
2026-01-02 14:18:38 - List Request. User: 1, Parent: NULL
2026-01-02 14:18:40 - List Request. User: 1, Parent: NULL
2026-01-02 14:18:41 - List Request. User: 1, Parent: NULL
2026-01-02 14:18:43 - List Request. User: 1, Parent: NULL
2026-01-02 14:18:44 - List Request. User: 1, Parent: NULL
2026-01-02 14:19:17 - List Request. User: 1, Parent: NULL
2026-01-02 14:23:37 - List Request. User: 1, Parent: NULL
2026-01-02 14:23:39 - List Request. User: 1, Parent: NULL
2026-01-02 14:23:40 - List Request. User: 1, Parent: NULL
2026-01-02 14:23:42 - List Request. User: 1, Parent: NULL
2026-01-02 14:23:52 - List Request. User: 4, Parent: NULL
2026-01-02 14:23:54 - List Request. User: 4, Parent: NULL
2026-01-02 14:26:46 - List Request. User: 4, Parent: NULL
2026-01-02 14:26:47 - List Request. User: 4, Parent: NULL
2026-01-02 14:26:49 - List Request. User: 4, Parent: NULL
2026-01-02 14:34:21 - List Request. User: 4, Parent: NULL
2026-01-03 06:29:35 - List Request. User: 4, Parent: NULL
2026-01-03 06:30:05 - List Request. User: 4, Parent: NULL
2026-01-03 06:30:08 - List Request. User: 4, Parent: NULL
2026-01-03 06:30:17 - List Request. User: 1, Parent: NULL
2026-01-03 06:30:43 - List Request. User: 1, Parent: 56E344B4-607F-4555-9AE0-CF7B4AD824F8
2026-01-03 06:33:11 - List Request. User: 1, Parent: NULL
2026-01-03 06:33:11 - List Request. User: 1, Parent: NULL
2026-01-03 06:33:14 - List Request. User: 1, Parent: NULL
2026-01-03 06:33:15 - List Request. User: 1, Parent: NULL
2026-01-03 06:33:18 - List Request. User: 1, Parent: NULL
2026-01-03 06:33:20 - List Request. User: 1, Parent: NULL
2026-01-03 06:33:21 - List Request. User: 1, Parent: NULL
2026-01-03 06:33:23 - List Request. User: 1, Parent: NULL
2026-01-03 06:33:23 - List Request. User: 1, Parent: NULL
2026-01-03 06:33:29 - List Request. User: 1, Parent: 56E344B4-607F-4555-9AE0-CF7B4AD824F8
2026-01-03 06:33:32 - List Request. User: 1, Parent: NULL
2026-01-03 06:33:43 - List Request. User: 1, Parent: 3951E044-506A-4B2B-9AC7-01AC7AB90651
2026-01-03 06:33:44 - List Request. User: 1, Parent: C7C41245-3AA5-483F-819B-1DED28B0C5BE
2026-01-03 06:33:44 - List Request. User: 1, Parent: C7C41245-3AA5-483F-819B-1DED28B0C5BE
2026-01-03 06:33:46 - List Request. User: 1, Parent: NULL
2026-01-03 06:33:47 - List Request. User: 1, Parent: 7D7A332B-A0CF-4D9C-A6DD-30CE836F8878
2026-01-03 06:33:48 - List Request. User: 1, Parent: NULL
2026-01-03 06:33:50 - List Request. User: 1, Parent: 56E344B4-607F-4555-9AE0-CF7B4AD824F8
2026-01-03 06:33:51 - List Request. User: 1, Parent: NULL
2026-01-03 06:36:34 - List Request. User: 1, Parent: NULL
2026-01-03 06:36:42 - List Request. User: 1, Parent: NULL
2026-01-03 06:39:24 - List Request. User: 1, Parent: NULL
2026-01-03 06:39:44 - List Request. User: 1, Parent: 3951E044-506A-4B2B-9AC7-01AC7AB90651
2026-01-03 06:39:47 - List Request. User: 1, Parent: C7C41245-3AA5-483F-819B-1DED28B0C5BE
2026-01-03 06:39:47 - List Request. User: 1, Parent: C7C41245-3AA5-483F-819B-1DED28B0C5BE
2026-01-03 06:39:51 - List Request. User: 1, Parent: NULL
2026-01-03 06:39:52 - List Request. User: 1, Parent: 7D7A332B-A0CF-4D9C-A6DD-30CE836F8878
2026-01-03 06:39:53 - List Request. User: 1, Parent: NULL
2026-01-03 06:39:55 - List Request. User: 1, Parent: 56E344B4-607F-4555-9AE0-CF7B4AD824F8
2026-01-03 06:40:02 - List Request. User: 1, Parent: NULL
2026-01-03 06:40:05 - List Request. User: 1, Parent: 3951E044-506A-4B2B-9AC7-01AC7AB90651
2026-01-03 06:40:07 - List Request. User: 1, Parent: C7C41245-3AA5-483F-819B-1DED28B0C5BE
2026-01-03 06:40:07 - List Request. User: 1, Parent: C7C41245-3AA5-483F-819B-1DED28B0C5BE
2026-01-03 06:40:10 - List Request. User: 1, Parent: 3951E044-506A-4B2B-9AC7-01AC7AB90651
2026-01-03 06:40:10 - List Request. User: 1, Parent: 3951E044-506A-4B2B-9AC7-01AC7AB90651
2026-01-03 06:40:11 - List Request. User: 1, Parent: NULL
2026-01-03 06:40:14 - List Request. User: 1, Parent: 56E344B4-607F-4555-9AE0-CF7B4AD824F8
2026-01-03 06:40:16 - List Request. User: 1, Parent: NULL
2026-01-03 06:40:18 - List Request. User: 1, Parent: 7DB71464-AAEF-44E8-992B-F6BE843ACFE9
2026-01-03 06:40:20 - List Request. User: 1, Parent: NULL
2026-01-03 06:40:22 - List Request. User: 1, Parent: 56E344B4-607F-4555-9AE0-CF7B4AD824F8
2026-01-03 06:40:25 - List Request. User: 1, Parent: 0C701DC7-F538-407D-9BA5-663A469C0AF9
2026-01-03 06:40:25 - List Request. User: 1, Parent: 0C701DC7-F538-407D-9BA5-663A469C0AF9
2026-01-03 06:40:27 - List Request. User: 1, Parent: 741565B9-C037-4BC5-8185-4C82AD807AE9
2026-01-03 06:40:27 - List Request. User: 1, Parent: 741565B9-C037-4BC5-8185-4C82AD807AE9
2026-01-03 06:40:30 - List Request. User: 1, Parent: NULL
2026-01-03 06:40:35 - List Request. User: 1, Parent: 7D7A332B-A0CF-4D9C-A6DD-30CE836F8878
2026-01-03 07:38:43 - List Request. User: 1, Parent: 7D7A332B-A0CF-4D9C-A6DD-30CE836F8878
2026-01-04 06:58:59 - List Request. User: 1, Parent: 7D7A332B-A0CF-4D9C-A6DD-30CE836F8878
2026-01-04 06:59:06 - List Request. User: 1, Parent: NULL
2026-01-04 06:59:08 - List Request. User: 1, Parent: NULL
2026-01-04 06:59:11 - List Request. User: 1, Parent: NULL
2026-01-04 06:59:13 - List Request. User: 1, Parent: NULL
2026-01-04 06:59:42 - List Request. User: 1, Parent: NULL
2026-01-04 06:59:45 - List Request. User: 1, Parent: NULL
2026-01-04 06:59:54 - List Request. User: 4, Parent: NULL
2026-01-04 06:59:56 - List Request. User: 4, Parent: NULL
2026-01-04 06:59:59 - List Request. User: 4, Parent: NULL
2026-01-04 07:00:00 - List Request. User: 4, Parent: NULL
2026-01-04 07:00:11 - List Request. User: 1, Parent: NULL
2026-01-04 07:00:18 - List Request. User: 1, Parent: NULL
2026-01-04 07:00:27 - List Request. User: 1, Parent: NULL
2026-01-04 07:00:37 - List Request. User: 4, Parent: NULL
2026-01-04 07:00:39 - List Request. User: 4, Parent: NULL
2026-01-04 07:00:43 - List Request. User: 4, Parent: NULL
2026-01-04 07:00:44 - List Request. User: 4, Parent: NULL
2026-01-04 07:04:50 - List Request. User: 4, Parent: NULL
2026-01-04 07:08:05 - List Request. User: 4, Parent: NULL
2026-01-04 07:08:14 - List Request. User: 4, Parent: NULL
2026-01-04 07:08:16 - List Request. User: 4, Parent: NULL
2026-01-04 07:09:31 - List Request. User: 4, Parent: NULL
2026-01-04 07:09:33 - List Request. User: 4, Parent: NULL
2026-01-04 07:09:54 - List Request. User: 4, Parent: NULL
2026-01-04 07:10:00 - List Request. User: 4, Parent: NULL
2026-01-04 07:10:02 - List Request. User: 4, Parent: NULL
2026-01-04 07:10:03 - List Request. User: 4, Parent: NULL
2026-01-04 07:10:09 - List Request. User: 4, Parent: NULL
2026-01-04 07:10:11 - List Request. User: 4, Parent: NULL
2026-01-04 07:10:18 - List Request. User: 4, Parent: NULL
2026-01-04 07:10:24 - List Request. User: 4, Parent: NULL
2026-01-04 07:10:25 - List Request. User: 4, Parent: NULL
2026-01-04 07:10:43 - List Request. User: 4, Parent: NULL
2026-01-04 07:22:22 - List Request. User: 4, Parent: NULL
2026-01-04 07:24:32 - List Request. User: 4, Parent: NULL
2026-01-04 07:27:22 - List Request. User: 4, Parent: NULL
2026-01-04 07:34:55 - List Request. User: 4, Parent: NULL
2026-01-04 07:36:47 - List Request. User: 4, Parent: NULL
2026-01-04 07:40:26 - List Request. User: 4, Parent: NULL
2026-01-04 08:32:51 - List Request. User: 1, Parent: NULL
2026-01-04 08:33:09 - List Request. User: 4, Parent: NULL
2026-01-04 10:11:02 - List Request. User: 4, Parent: NULL
2026-01-04 10:16:49 - List Request. User: 4, Parent: NULL
2026-01-04 10:16:51 - List Request. User: 4, Parent: NULL
2026-01-04 10:16:53 - List Request. User: 4, Parent: 3951E044-506A-4B2B-9AC7-01AC7AB90651
2026-01-04 10:16:55 - List Request. User: 4, Parent: C7C41245-3AA5-483F-819B-1DED28B0C5BE
2026-01-04 10:16:55 - List Request. User: 4, Parent: C7C41245-3AA5-483F-819B-1DED28B0C5BE
2026-01-04 10:16:57 - List Request. User: 4, Parent: NULL
2026-01-04 10:16:58 - List Request. User: 4, Parent: 56E344B4-607F-4555-9AE0-CF7B4AD824F8
2026-01-04 10:20:57 - List Request. User: 4, Parent: 56E344B4-607F-4555-9AE0-CF7B4AD824F8
2026-01-04 10:26:45 - List Request. User: 4, Parent: NULL
2026-01-04 10:26:47 - List Request. User: 4, Parent: NULL
2026-01-04 10:26:48 - List Request. User: 4, Parent: 56E344B4-607F-4555-9AE0-CF7B4AD824F8
2026-01-04 12:01:26 - List Request. User: 1, Parent: NULL
2026-01-04 12:02:03 - List Request. User: 2, Parent: NULL
2026-01-04 12:02:24 - List Request. User: 2, Parent: NULL
2026-01-04 12:02:26 - List Request. User: 2, Parent: 56E344B4-607F-4555-9AE0-CF7B4AD824F8
2026-01-04 12:02:42 - List Request. User: 2, Parent: NULL
2026-01-04 12:02:43 - List Request. User: 2, Parent: NULL
2026-01-04 12:02:45 - List Request. User: 2, Parent: NULL
2026-01-04 12:02:47 - List Request. User: 2, Parent: NULL
2026-01-04 12:02:49 - List Request. User: 2, Parent: NULL
2026-01-04 12:02:54 - List Request. User: 2, Parent: 56E344B4-607F-4555-9AE0-CF7B4AD824F8
2026-01-04 12:03:01 - List Request. User: 2, Parent: NULL
2026-01-04 12:03:03 - List Request. User: 2, Parent: 56E344B4-607F-4555-9AE0-CF7B4AD824F8
2026-01-04 12:03:06 - List Request. User: 2, Parent: 0C701DC7-F538-407D-9BA5-663A469C0AF9
2026-01-04 12:03:06 - List Request. User: 2, Parent: 0C701DC7-F538-407D-9BA5-663A469C0AF9
2026-01-04 12:03:12 - List Request. User: 2, Parent: NULL
2026-01-04 12:03:15 - List Request. User: 2, Parent: NULL
2026-01-04 12:03:44 - List Request. User: 2, Parent: 56E344B4-607F-4555-9AE0-CF7B4AD824F8
2026-01-04 12:08:51 - List Request. User: 2, Parent: 56E344B4-607F-4555-9AE0-CF7B4AD824F8
2026-01-04 12:09:01 - List Request. User: 2, Parent: NULL
2026-01-04 12:09:03 - List Request. User: 2, Parent: 56E344B4-607F-4555-9AE0-CF7B4AD824F8
2026-01-04 12:09:05 - List Request. User: 2, Parent: NULL
2026-01-04 12:09:07 - List Request. User: 2, Parent: NULL
2026-01-04 12:10:01 - List Request. User: 2, Parent: NULL
2026-01-04 12:10:13 - List Request. User: 1, Parent: NULL
2026-01-04 12:10:17 - List Request. User: 1, Parent: 7D7A332B-A0CF-4D9C-A6DD-30CE836F8878
2026-01-04 12:10:18 - List Request. User: 1, Parent: NULL
2026-01-04 12:10:20 - List Request. User: 1, Parent: 56E344B4-607F-4555-9AE0-CF7B4AD824F8
2026-01-04 12:10:22 - List Request. User: 1, Parent: 0C701DC7-F538-407D-9BA5-663A469C0AF9
2026-01-04 12:10:22 - List Request. User: 1, Parent: 0C701DC7-F538-407D-9BA5-663A469C0AF9
2026-01-04 12:10:23 - List Request. User: 1, Parent: NULL
2026-01-04 12:10:25 - List Request. User: 1, Parent: 3951E044-506A-4B2B-9AC7-01AC7AB90651
2026-01-04 12:10:37 - List Request. User: 1, Parent: NULL
2026-01-04 12:13:12 - List Request. User: 1, Parent: NULL
2026-01-04 12:13:37 - List Request. User: 1, Parent: NULL
2026-01-04 12:13:40 - List Request. User: 1, Parent: NULL
2026-01-04 12:13:46 - List Request. User: 1, Parent: NULL
2026-01-04 12:13:47 - List Request. User: 1, Parent: 56E344B4-607F-4555-9AE0-CF7B4AD824F8
2026-01-04 12:13:51 - List Request. User: 1, Parent: 0C701DC7-F538-407D-9BA5-663A469C0AF9
2026-01-04 12:13:51 - List Request. User: 1, Parent: 0C701DC7-F538-407D-9BA5-663A469C0AF9
2026-01-04 12:14:03 - List Request. User: 2, Parent: NULL
2026-01-04 12:14:08 - List Request. User: 2, Parent: NULL
2026-01-04 12:14:09 - List Request. User: 2, Parent: 56E344B4-607F-4555-9AE0-CF7B4AD824F8
2026-01-04 12:14:12 - List Request. User: 2, Parent: 0C701DC7-F538-407D-9BA5-663A469C0AF9
2026-01-04 12:14:12 - List Request. User: 2, Parent: 0C701DC7-F538-407D-9BA5-663A469C0AF9
2026-01-04 12:14:14 - List Request. User: 2, Parent: shared
2026-01-04 12:14:14 - List Request. User: 2, Parent: shared
2026-01-04 12:14:18 - List Request. User: 2, Parent: NULL
2026-01-04 12:14:21 - List Request. User: 2, Parent: 3951E044-506A-4B2B-9AC7-01AC7AB90651
2026-01-04 12:14:26 - List Request. User: 2, Parent: shared
2026-01-04 12:14:26 - List Request. User: 2, Parent: shared
2026-01-04 12:18:04 - List Request. User: 2, Parent: NULL
2026-01-04 12:18:12 - List Request. User: 2, Parent: 3951E044-506A-4B2B-9AC7-01AC7AB90651
2026-01-04 12:18:12 - List Request. User: 2, Parent: 3951E044-506A-4B2B-9AC7-01AC7AB90651
2026-01-04 12:18:14 - List Request. User: 2, Parent: NULL
2026-01-04 12:18:14 - List Request. User: 2, Parent: NULL
2026-01-04 12:18:16 - List Request. User: 2, Parent: NULL
2026-01-04 12:18:17 - List Request. User: 2, Parent: NULL
2026-01-04 12:18:23 - List Request. User: 2, Parent: 3951E044-506A-4B2B-9AC7-01AC7AB90651
2026-01-04 12:18:27 - List Request. User: 2, Parent: NULL
2026-01-04 12:18:33 - List Request. User: 2, Parent: NULL
2026-01-04 12:18:34 - List Request. User: 2, Parent: NULL
2026-01-04 12:18:35 - List Request. User: 2, Parent: 3951E044-506A-4B2B-9AC7-01AC7AB90651
2026-01-04 12:18:37 - List Request. User: 2, Parent: C7C41245-3AA5-483F-819B-1DED28B0C5BE
2026-01-04 12:18:37 - List Request. User: 2, Parent: C7C41245-3AA5-483F-819B-1DED28B0C5BE
2026-01-04 12:18:39 - List Request. User: 2, Parent: 3951E044-506A-4B2B-9AC7-01AC7AB90651
2026-01-04 12:18:39 - List Request. User: 2, Parent: 3951E044-506A-4B2B-9AC7-01AC7AB90651
2026-01-04 12:18:41 - List Request. User: 2, Parent: NULL
2026-01-04 12:18:41 - List Request. User: 2, Parent: NULL
2026-01-04 12:18:48 - List Request. User: 2, Parent: 3951E044-506A-4B2B-9AC7-01AC7AB90651
2026-01-04 12:18:48 - List Request. User: 2, Parent: 3951E044-506A-4B2B-9AC7-01AC7AB90651
2026-01-04 12:18:49 - List Request. User: 2, Parent: C7C41245-3AA5-483F-819B-1DED28B0C5BE
2026-01-04 12:18:49 - List Request. User: 2, Parent: C7C41245-3AA5-483F-819B-1DED28B0C5BE
2026-01-04 12:18:50 - List Request. User: 2, Parent: NULL
2026-01-04 12:18:50 - List Request. User: 2, Parent: NULL
2026-01-04 12:18:53 - List Request. User: 2, Parent: NULL
2026-01-04 12:18:55 - List Request. User: 2, Parent: NULL
2026-01-04 12:18:55 - List Request. User: 2, Parent: NULL
2026-01-04 12:18:58 - List Request. User: 2, Parent: 56E344B4-607F-4555-9AE0-CF7B4AD824F8
2026-01-04 12:18:59 - List Request. User: 2, Parent: NULL
2026-01-04 12:18:59 - List Request. User: 2, Parent: NULL
2026-01-04 12:19:01 - List Request. User: 2, Parent: 56E344B4-607F-4555-9AE0-CF7B4AD824F8
2026-01-04 12:19:01 - List Request. User: 2, Parent: 56E344B4-607F-4555-9AE0-CF7B4AD824F8
2026-01-04 12:19:03 - List Request. User: 2, Parent: 0C701DC7-F538-407D-9BA5-663A469C0AF9
2026-01-04 12:19:03 - List Request. User: 2, Parent: 0C701DC7-F538-407D-9BA5-663A469C0AF9
2026-01-04 12:19:04 - List Request. User: 2, Parent: NULL
2026-01-04 12:19:06 - List Request. User: 2, Parent: NULL
2026-01-04 12:19:09 - List Request. User: 2, Parent: NULL
2026-01-04 12:19:11 - List Request. User: 2, Parent: NULL
2026-01-04 12:19:13 - List Request. User: 2, Parent: NULL
2026-01-04 12:19:14 - List Request. User: 2, Parent: NULL
2026-01-04 12:19:26 - List Request. User: 2, Parent: 3951E044-506A-4B2B-9AC7-01AC7AB90651
2026-01-04 12:19:34 - List Request. User: 2, Parent: 3951E044-506A-4B2B-9AC7-01AC7AB90651
2026-01-04 12:19:37 - List Request. User: 2, Parent: NULL
2026-01-04 12:19:38 - List Request. User: 2, Parent: NULL
2026-01-04 12:19:43 - List Request. User: 2, Parent: NULL
2026-01-04 12:19:45 - List Request. User: 2, Parent: NULL
2026-01-04 12:19:46 - List Request. User: 2, Parent: 3951E044-506A-4B2B-9AC7-01AC7AB90651
2026-01-04 12:20:29 - List Request. User: 1, Parent: NULL
2026-01-04 12:23:03 - List Request. User: 1, Parent: NULL
2026-01-04 12:23:39 - List Request. User: 1, Parent: NULL
2026-01-04 12:38:23 - List Request. User: 1, Parent: NULL
2026-01-04 12:57:42 - List Request. User: 1, Parent: NULL
2026-01-04 13:22:31 - List Request. User: 1, Parent: NULL
2026-01-04 13:22:32 - List Request. User: 1, Parent: NULL
2026-01-04 13:24:31 - List Request. User: 1, Parent: NULL
2026-01-04 13:24:32 - List Request. User: 1, Parent: NULL
2026-01-04 13:27:35 - List Request. User: 1, Parent: NULL
2026-01-04 13:28:20 - List Request. User: 1, Parent: NULL
2026-01-04 13:58:12 - List Request. User: 2, Parent: NULL
2026-01-04 14:00:26 - List Request. User: 2, Parent: NULL
2026-01-04 14:02:10 - List Request. User: 2, Parent: NULL
2026-01-04 14:21:48 - List Request. User: 1, Parent: NULL
2026-01-04 14:22:04 - List Request. User: 2, Parent: NULL
2026-01-04 14:22:09 - List Request. User: 2, Parent: NULL
2026-01-04 14:24:04 - List Request. User: 2, Parent: NULL
2026-01-04 14:25:05 - List Request. User: 1, Parent: NULL
2026-01-04 14:26:46 - List Request. User: 1, Parent: NULL
2026-01-04 14:26:46 - List Request. User: 2, Parent: NULL
2026-01-04 14:28:44 - List Request. User: 1, Parent: NULL
2026-01-04 14:28:45 - List Request. User: 1, Parent: NULL
2026-01-04 14:28:47 - List Request. User: 1, Parent: NULL
2026-01-04 14:28:50 - List Request. User: 1, Parent: NULL
2026-01-04 14:30:54 - List Request. User: 1, Parent: NULL
2026-01-04 14:31:04 - List Request. User: 1, Parent: NULL
2026-01-04 14:32:00 - List Request. User: 1, Parent: NULL
2026-01-04 14:34:03 - List Request. User: 1, Parent: NULL
2026-01-04 14:38:17 - List Request. User: 1, Parent: 7D7A332B-A0CF-4D9C-A6DD-30CE836F8878
2026-01-04 14:38:20 - List Request. User: 1, Parent: NULL
2026-01-04 14:39:20 - List Request. User: 1, Parent: NULL
2026-01-04 14:39:30 - List Request. User: 1, Parent: NULL
2026-01-04 14:40:12 - List Request. User: 1, Parent: NULL
2026-01-04 14:40:14 - List Request. User: 1, Parent: NULL
2026-01-04 14:40:21 - List Request. User: 1, Parent: NULL
2026-01-04 14:40:36 - List Request. User: 2, Parent: NULL
2026-01-04 14:41:48 - List Request. User: 1, Parent: NULL
2026-01-04 14:41:56 - List Request. User: 2, Parent: NULL
2026-01-04 14:41:57 - List Request. User: 2, Parent: NULL
2026-01-04 14:42:13 - List Request. User: 1, Parent: NULL
2026-01-04 14:44:39 - List Request. User: 2, Parent: NULL
2026-01-04 14:44:39 - List Request. User: 1, Parent: NULL
2026-01-04 14:44:44 - List Request. User: 1, Parent: NULL
2026-01-04 14:44:44 - List Request. User: 2, Parent: NULL
2026-01-04 14:45:09 - List Request. User: 1, Parent: NULL
2026-01-04 14:45:15 - List Request. User: 1, Parent: NULL
2026-01-04 14:45:23 - List Request. User: 2, Parent: NULL
2026-01-04 14:45:25 - List Request. User: 2, Parent: NULL
2026-01-04 14:45:53 - List Request. User: 1, Parent: NULL
2026-01-04 14:45:57 - List Request. User: 2, Parent: NULL
2026-01-04 14:45:58 - List Request. User: 2, Parent: NULL
2026-01-04 14:46:05 - List Request. User: 1, Parent: NULL
2026-01-04 14:46:41 - List Request. User: 1, Parent: NULL
2026-01-04 14:46:48 - List Request. User: 1, Parent: NULL
2026-01-04 14:46:55 - List Request. User: 1, Parent: NULL
2026-01-04 14:48:49 - List Request. User: 1, Parent: NULL
2026-01-04 14:49:12 - List Request. User: 1, Parent: NULL
2026-01-04 14:49:17 - List Request. User: 1, Parent: NULL
2026-01-04 14:49:30 - List Request. User: 1, Parent: NULL
2026-01-04 14:49:36 - List Request. User: 1, Parent: NULL
2026-01-04 14:49:51 - List Request. User: 2, Parent: NULL
2026-01-04 14:49:56 - List Request. User: 2, Parent: FC25CF92-18FE-4600-998B-FDAFA017FE02
2026-01-04 14:49:56 - List Request. User: 2, Parent: FC25CF92-18FE-4600-998B-FDAFA017FE02
2026-01-04 14:49:58 - List Request. User: 2, Parent: NULL
2026-01-04 14:49:58 - List Request. User: 2, Parent: NULL
2026-01-04 16:54:58 - List Request. User: 2, Parent: NULL
2026-01-04 16:54:58 - List Request. User: 1, Parent: NULL
2026-01-04 16:54:59 - List Request. User: 2, Parent: NULL
2026-01-04 16:57:05 - List Request. User: 1, Parent: NULL
2026-01-04 16:57:18 - List Request. User: 2, Parent: NULL
2026-01-04 16:57:33 - List Request. User: 1, Parent: NULL
2026-01-04 17:10:07 - List Request. User: 2, Parent: NULL
2026-01-04 17:13:53 - List Request. User: 2, Parent: NULL
2026-01-04 17:14:07 - List Request. User: 2, Parent: NULL
2026-01-04 17:14:11 - List Request. User: 2, Parent: NULL
2026-01-04 17:14:12 - List Request. User: 2, Parent: NULL
2026-01-04 17:14:14 - List Request. User: 2, Parent: NULL
2026-01-04 17:14:18 - List Request. User: 2, Parent: NULL
2026-01-04 17:14:21 - List Request. User: 2, Parent: NULL
2026-01-04 17:14:23 - List Request. User: 2, Parent: NULL
2026-01-04 17:14:32 - List Request. User: 1, Parent: NULL
2026-01-04 17:14:40 - List Request. User: 1, Parent: NULL
2026-01-04 17:46:06 - List Request. User: 1, Parent: NULL
2026-01-04 17:49:09 - List Request. User: 1, Parent: NULL
2026-01-04 17:57:03 - List Request. User: 1, Parent: NULL
2026-01-04 17:58:31 - List Request. User: 1, Parent: NULL
2026-01-04 17:58:37 - List Request. User: 1, Parent: 56E344B4-607F-4555-9AE0-CF7B4AD824F8
2026-01-04 17:58:43 - List Request. User: 1, Parent: 56E344B4-607F-4555-9AE0-CF7B4AD824F8
2026-01-04 17:58:47 - List Request. User: 1, Parent: NULL
2026-01-04 17:58:50 - List Request. User: 1, Parent: 56E344B4-607F-4555-9AE0-CF7B4AD824F8
2026-01-04 17:58:53 - List Request. User: 1, Parent: NULL
2026-01-04 17:59:35 - List Request. User: 1, Parent: NULL
2026-01-04 18:00:22 - List Request. User: 1, Parent: NULL
2026-01-04 18:00:59 - List Request. User: 2, Parent: NULL
2026-01-04 18:01:03 - List Request. User: 2, Parent: NULL
2026-01-04 18:01:08 - List Request. User: 2, Parent: NULL
2026-01-04 18:01:18 - List Request. User: 2, Parent: NULL
2026-01-04 18:01:32 - List Request. User: 2, Parent: NULL
2026-01-04 18:01:33 - List Request. User: 2, Parent: NULL
2026-01-04 18:01:37 - List Request. User: 2, Parent: NULL
2026-01-04 18:01:39 - List Request. User: 2, Parent: NULL
2026-01-04 18:01:42 - List Request. User: 2, Parent: NULL
2026-01-04 18:01:54 - List Request. User: 1, Parent: NULL
2026-01-04 18:01:59 - List Request. User: 1, Parent: NULL
2026-01-04 18:02:03 - List Request. User: 1, Parent: 7C5B3317-7B5E-4C10-83CF-C0B40B6FE185
2026-01-04 18:02:24 - List Request. User: 2, Parent: NULL
2026-01-04 18:02:27 - List Request. User: 2, Parent: NULL
2026-01-04 18:02:28 - List Request. User: 2, Parent: NULL
2026-01-04 18:02:31 - List Request. User: 2, Parent: 7C5B3317-7B5E-4C10-83CF-C0B40B6FE185
2026-01-04 18:02:38 - List Request. User: 2, Parent: 7C5B3317-7B5E-4C10-83CF-C0B40B6FE185
2026-01-04 18:02:41 - List Request. User: 2, Parent: C0D9A663-35CE-4C96-AB33-1EC4BE48A536
2026-01-04 18:02:41 - List Request. User: 2, Parent: C0D9A663-35CE-4C96-AB33-1EC4BE48A536
2026-01-04 18:02:47 - List Request. User: 2, Parent: C0D9A663-35CE-4C96-AB33-1EC4BE48A536
2026-01-04 18:02:49 - List Request. User: 2, Parent: 865D0950-7B02-4138-9E19-124CF8ABD4BB
2026-01-04 18:02:49 - List Request. User: 2, Parent: 865D0950-7B02-4138-9E19-124CF8ABD4BB
2026-01-04 18:02:59 - List Request. User: 2, Parent: 865D0950-7B02-4138-9E19-124CF8ABD4BB
2026-01-04 18:03:01 - List Request. User: 2, Parent: 7C5B3317-7B5E-4C10-83CF-C0B40B6FE185
2026-01-04 18:03:01 - List Request. User: 2, Parent: 7C5B3317-7B5E-4C10-83CF-C0B40B6FE185
2026-01-04 18:03:02 - List Request. User: 2, Parent: NULL
2026-01-04 18:03:08 - List Request. User: 2, Parent: NULL
2026-01-04 18:03:10 - List Request. User: 2, Parent: 7C5B3317-7B5E-4C10-83CF-C0B40B6FE185
2026-01-04 18:03:11 - List Request. User: 2, Parent: C0D9A663-35CE-4C96-AB33-1EC4BE48A536
2026-01-04 18:03:11 - List Request. User: 2, Parent: C0D9A663-35CE-4C96-AB33-1EC4BE48A536
2026-01-04 18:03:14 - List Request. User: 2, Parent: 865D0950-7B02-4138-9E19-124CF8ABD4BB
2026-01-04 18:03:14 - List Request. User: 2, Parent: 865D0950-7B02-4138-9E19-124CF8ABD4BB
2026-01-04 18:03:15 - List Request. User: 2, Parent: AEEBEBC6-B5B9-4DCD-BB24-6846E013DD4F
2026-01-04 18:03:15 - List Request. User: 2, Parent: AEEBEBC6-B5B9-4DCD-BB24-6846E013DD4F
2026-01-04 18:03:17 - List Request. User: 2, Parent: 865D0950-7B02-4138-9E19-124CF8ABD4BB
2026-01-04 18:03:17 - List Request. User: 2, Parent: 865D0950-7B02-4138-9E19-124CF8ABD4BB
2026-01-04 18:03:23 - List Request. User: 2, Parent: 865D0950-7B02-4138-9E19-124CF8ABD4BB
2026-01-04 18:03:37 - List Request. User: 1, Parent: NULL
2026-01-04 18:03:42 - List Request. User: 1, Parent: AEEBEBC6-B5B9-4DCD-BB24-6846E013DD4F
2026-01-04 18:03:44 - List Request. User: 1, Parent: C0D9A663-35CE-4C96-AB33-1EC4BE48A536
2026-01-04 18:03:44 - List Request. User: 1, Parent: C0D9A663-35CE-4C96-AB33-1EC4BE48A536
2026-01-04 18:03:46 - List Request. User: 1, Parent: 7C5B3317-7B5E-4C10-83CF-C0B40B6FE185
2026-01-04 18:03:46 - List Request. User: 1, Parent: 7C5B3317-7B5E-4C10-83CF-C0B40B6FE185
2026-01-04 18:03:49 - List Request. User: 2, Parent: C0D9A663-35CE-4C96-AB33-1EC4BE48A536
2026-01-04 18:03:49 - List Request. User: 2, Parent: C0D9A663-35CE-4C96-AB33-1EC4BE48A536
2026-01-04 18:03:57 - List Request. User: 2, Parent: C0D9A663-35CE-4C96-AB33-1EC4BE48A536
2026-01-04 18:04:01 - List Request. User: 1, Parent: NULL
2026-01-04 18:04:07 - List Request. User: 1, Parent: AEEBEBC6-B5B9-4DCD-BB24-6846E013DD4F
2026-01-04 18:04:09 - List Request. User: 1, Parent: C0D9A663-35CE-4C96-AB33-1EC4BE48A536
2026-01-04 18:04:09 - List Request. User: 1, Parent: C0D9A663-35CE-4C96-AB33-1EC4BE48A536
2026-01-04 18:04:13 - List Request. User: 1, Parent: 7C5B3317-7B5E-4C10-83CF-C0B40B6FE185
2026-01-04 18:04:13 - List Request. User: 1, Parent: 7C5B3317-7B5E-4C10-83CF-C0B40B6FE185
2026-01-05 06:44:21 - List Request. User: 1, Parent: 7C5B3317-7B5E-4C10-83CF-C0B40B6FE185
2026-01-05 06:45:05 - List Request. User: 1, Parent: AEEBEBC6-B5B9-4DCD-BB24-6846E013DD4F
2026-01-05 06:45:05 - List Request. User: 1, Parent: AEEBEBC6-B5B9-4DCD-BB24-6846E013DD4F
2026-01-05 06:45:07 - List Request. User: 1, Parent: 865D0950-7B02-4138-9E19-124CF8ABD4BB
2026-01-05 06:45:07 - List Request. User: 1, Parent: 865D0950-7B02-4138-9E19-124CF8ABD4BB
2026-01-05 06:45:08 - List Request. User: 1, Parent: C0D9A663-35CE-4C96-AB33-1EC4BE48A536
2026-01-05 06:45:08 - List Request. User: 1, Parent: C0D9A663-35CE-4C96-AB33-1EC4BE48A536
2026-01-05 06:45:09 - List Request. User: 1, Parent: 7C5B3317-7B5E-4C10-83CF-C0B40B6FE185
2026-01-05 06:45:09 - List Request. User: 1, Parent: 7C5B3317-7B5E-4C10-83CF-C0B40B6FE185
2026-01-05 06:45:11 - List Request. User: 1, Parent: NULL
2026-01-05 06:45:11 - List Request. User: 1, Parent: NULL
2026-01-05 06:45:23 - List Request. User: 1, Parent: NULL
2026-01-05 06:45:27 - List Request. User: 1, Parent: NULL
2026-01-05 06:45:36 - List Request. User: 1, Parent: NULL
2026-01-05 07:16:24 - List Request. User: 2, Parent: C0D9A663-35CE-4C96-AB33-1EC4BE48A536
2026-01-05 07:16:28 - List Request. User: 2, Parent: NULL
2026-01-05 08:28:52 - List Request. User: 1, Parent: NULL
2026-01-05 16:08:29 - List Request. User: 1, Parent: NULL
2026-01-05 16:27:33 - List Request. User: 1, Parent: NULL
2026-01-05 16:27:35 - List Request. User: 1, Parent: NULL
2026-01-05 16:27:44 - List Request. User: 1, Parent: NULL
2026-01-05 16:27:45 - List Request. User: 1, Parent: NULL
2026-01-05 16:50:07 - List Request. User: 1, Parent: NULL
2026-01-05 17:17:19 - List Request. User: 1, Parent: NULL
2026-01-05 17:19:47 - List Request. User: 1, Parent: NULL
2026-01-05 17:20:21 - List Request. User: 1, Parent: NULL
2026-01-05 17:20:41 - List Request. User: 1, Parent: NULL
2026-01-05 17:20:46 - List Request. User: 1, Parent: NULL
2026-01-05 17:20:49 - List Request. User: 1, Parent: NULL
2026-01-05 17:21:01 - List Request. User: 1, Parent: NULL
2026-01-05 17:22:50 - List Request. User: 1, Parent: NULL
2026-01-05 17:22:50 - List Request. User: 1, Parent: NULL
2026-01-05 17:23:22 - List Request. User: 1, Parent: NULL
2026-01-05 17:24:29 - List Request. User: 1, Parent: NULL
2026-01-05 17:25:26 - List Request. User: 1, Parent: NULL
2026-01-05 17:27:21 - List Request. User: 1, Parent: NULL
2026-01-05 17:27:54 - List Request. User: 1, Parent: NULL
2026-01-05 17:29:56 - List Request. User: 1, Parent: NULL
2026-01-05 17:32:56 - List Request. User: 1, Parent: NULL
2026-01-05 17:34:47 - List Request. User: 1, Parent: NULL
2026-01-05 17:34:48 - List Request. User: 1, Parent: NULL
2026-01-05 17:34:49 - List Request. User: 1, Parent: NULL
2026-01-05 17:34:51 - List Request. User: 1, Parent: NULL
2026-01-05 17:34:54 - List Request. User: 1, Parent: NULL
2026-01-05 17:35:05 - List Request. User: 1, Parent: NULL
2026-01-05 17:35:13 - List Request. User: 1, Parent: NULL
2026-01-05 17:35:25 - List Request. User: 1, Parent: NULL
2026-01-05 17:35:26 - List Request. User: 1, Parent: NULL
2026-01-05 17:35:30 - List Request. User: 1, Parent: 3951E044-506A-4B2B-9AC7-01AC7AB90651
2026-01-05 17:36:11 - List Request. User: 1, Parent: 3951E044-506A-4B2B-9AC7-01AC7AB90651
2026-01-05 17:40:02 - List Request. User: 1, Parent: 3951E044-506A-4B2B-9AC7-01AC7AB90651
2026-01-05 17:40:03 - List Request. User: 1, Parent: 3951E044-506A-4B2B-9AC7-01AC7AB90651
2026-01-05 17:40:35 - List Request. User: 1, Parent: NULL
2026-01-05 17:41:05 - List Request. User: 1, Parent: FFC23D31-A3A6-4353-BEE5-63F2DD6B781F
2026-01-05 17:41:49 - List Request. User: 1, Parent: NULL
2026-01-05 17:42:10 - List Request. User: 1, Parent: NULL
2026-01-05 17:42:16 - List Request. User: 1, Parent: NULL
2026-01-05 17:42:30 - List Request. User: 1, Parent: NULL
2026-01-05 17:42:49 - List Request. User: 1, Parent: NULL
2026-01-05 17:42:51 - List Request. User: 1, Parent: NULL
2026-01-05 17:42:53 - List Request. User: 1, Parent: NULL
2026-01-05 17:42:55 - List Request. User: 1, Parent: NULL
2026-01-05 17:42:57 - List Request. User: 1, Parent: NULL
2026-01-05 17:42:58 - List Request. User: 1, Parent: NULL
2026-01-05 17:42:59 - List Request. User: 1, Parent: NULL
2026-01-05 17:43:00 - List Request. User: 1, Parent: NULL
2026-01-05 17:43:01 - List Request. User: 1, Parent: NULL
2026-01-07 14:44:07 - List Request. User: 1, Parent: NULL
2026-01-07 14:44:14 - List Request. User: 1, Parent: 3951E044-506A-4B2B-9AC7-01AC7AB90651
2026-01-07 14:49:27 - List Request. User: 1, Parent: 3951E044-506A-4B2B-9AC7-01AC7AB90651
2026-01-07 14:50:29 - List Request. User: 1, Parent: NULL
2026-01-07 14:51:22 - List Request. User: 1, Parent: NULL
2026-01-07 14:51:23 - List Request. User: 1, Parent: NULL
2026-01-07 14:51:25 - List Request. User: 1, Parent: NULL
2026-01-07 14:53:20 - List Request. User: 1, Parent: NULL
2026-01-08 04:30:10 - List Request. User: 1, Parent: NULL
2026-01-08 04:30:25 - List Request. User: 1, Parent: NULL
2026-01-08 04:30:40 - List Request. User: 1, Parent: NULL
2026-01-08 04:30:41 - List Request. User: 1, Parent: NULL
2026-01-08 04:31:01 - List Request. User: 1, Parent: NULL
2026-01-08 04:36:39 - List Request. User: 1, Parent: NULL
2026-01-08 04:36:47 - List Request. User: 1, Parent: NULL
2026-01-08 04:38:13 - List Request. User: 1, Parent: NULL
2026-01-08 04:43:25 - List Request. User: 1, Parent: NULL
2026-01-08 04:46:05 - List Request. User: 1, Parent: NULL
2026-01-08 04:46:28 - List Request. User: 1, Parent: NULL
2026-01-08 05:06:49 - List Request. User: 1, Parent: NULL
2026-01-09 12:37:35 - List Request. User: 1, Parent: NULL
2026-01-09 13:30:02 - List Request. User: 1, Parent: NULL
2026-01-11 10:15:05 - List Request. User: 1, Parent: NULL
2026-01-11 10:15:19 - List Request. User: 1, Parent: NULL
2026-01-11 10:15:24 - List Request. User: 1, Parent: 3951E044-506A-4B2B-9AC7-01AC7AB90651
2026-01-11 10:27:04 - List Request. User: 1, Parent: 3951E044-506A-4B2B-9AC7-01AC7AB90651
2026-01-11 10:29:06 - List Request. User: 1, Parent: 3951E044-506A-4B2B-9AC7-01AC7AB90651
2026-01-11 10:56:18 - List Request. User: 1, Parent: NULL
2026-01-11 10:57:51 - List Request. User: 1, Parent: NULL
2026-01-11 10:59:37 - List Request. User: 1, Parent: NULL
2026-01-11 11:01:18 - List Request. User: 1, Parent: NULL
2026-01-11 11:01:24 - List Request. User: 1, Parent: NULL
2026-01-11 11:01:26 - List Request. User: 1, Parent: NULL
2026-01-11 11:01:55 - List Request. User: 1, Parent: NULL
2026-01-11 11:02:11 - List Request. User: 1, Parent: NULL
2026-01-11 11:02:23 - List Request. User: 1, Parent: NULL
2026-01-11 11:04:06 - List Request. User: 1, Parent: NULL
2026-01-11 11:04:08 - List Request. User: 1, Parent: NULL
2026-01-11 11:05:18 - List Request. User: 1, Parent: NULL
2026-01-11 11:06:24 - List Request. User: 1, Parent: NULL
2026-01-11 11:06:33 - List Request. User: 1, Parent: NULL
2026-01-11 11:08:18 - List Request. User: 1, Parent: NULL
2026-01-11 11:08:23 - List Request. User: 1, Parent: NULL
2026-01-11 15:37:05 - List Request. User: 1, Parent: NULL
2026-01-11 15:37:11 - List Request. User: 1, Parent: NULL
2026-01-11 15:37:24 - List Request. User: 1, Parent: EE3BC035-B9AA-45B5-A14A-CD5304321DF3
2026-01-11 15:42:29 - List Request. User: 1, Parent: EE3BC035-B9AA-45B5-A14A-CD5304321DF3
2026-01-11 15:44:32 - List Request. User: 1, Parent: EE3BC035-B9AA-45B5-A14A-CD5304321DF3
2026-01-11 15:45:34 - List Request. User: 1, Parent: NULL
2026-01-11 15:47:01 - List Request. User: 1, Parent: NULL
2026-01-11 15:47:11 - List Request. User: 1, Parent: NULL
2026-01-11 16:18:05 - List Request. User: 1, Parent: NULL
2026-01-11 16:18:15 - List Request. User: 1, Parent: NULL
2026-01-11 16:19:00 - List Request. User: 2, Parent: NULL
2026-01-11 16:19:02 - List Request. User: 2, Parent: NULL
2026-01-11 16:19:17 - List Request. User: 2, Parent: NULL
2026-01-11 16:21:29 - List Request. User: 2, Parent: NULL
2026-01-11 16:22:27 - List Request. User: 2, Parent: NULL
2026-01-11 16:22:31 - List Request. User: 2, Parent: NULL
2026-01-11 16:23:06 - List Request. User: 2, Parent: NULL
2026-01-11 16:23:14 - List Request. User: 2, Parent: NULL
2026-01-11 16:23:17 - List Request. User: 2, Parent: NULL
2026-01-11 16:23:20 - List Request. User: 2, Parent: 7C5B3317-7B5E-4C10-83CF-C0B40B6FE185
2026-01-11 16:23:21 - List Request. User: 2, Parent: C0D9A663-35CE-4C96-AB33-1EC4BE48A536
2026-01-11 16:23:21 - List Request. User: 2, Parent: C0D9A663-35CE-4C96-AB33-1EC4BE48A536
2026-01-11 16:23:24 - List Request. User: 2, Parent: NULL
2026-01-11 16:23:33 - List Request. User: 2, Parent: NULL
2026-01-11 16:23:42 - List Request. User: 1, Parent: NULL
2026-01-11 16:23:46 - List Request. User: 2, Parent: NULL
2026-01-11 16:24:00 - List Request. User: 2, Parent: NULL
2026-01-11 16:24:48 - List Request. User: 2, Parent: NULL
2026-01-11 16:24:50 - List Request. User: 2, Parent: NULL
2026-01-11 16:28:11 - List Request. User: 2, Parent: NULL
2026-01-11 16:28:11 - List Request. User: 1, Parent: NULL
2026-01-11 16:30:24 - List Request. User: 1, Parent: NULL
2026-01-11 16:30:24 - List Request. User: 2, Parent: NULL
2026-01-11 16:31:09 - List Request. User: 1, Parent: NULL
2026-01-11 16:31:09 - List Request. User: 2, Parent: NULL
2026-01-11 16:46:29 - List Request. User: 1, Parent: NULL
2026-01-11 16:46:45 - List Request. User: 1, Parent: NULL
